[INFO] Scanning for projects...
[INFO] 
[INFO] -----------------------< com.ganesh:EV-Project >------------------------
[INFO] Building EV-Project 0.0.1-SNAPSHOT
[INFO]   from pom.xml
[INFO] --------------------------------[ jar ]---------------------------------
[INFO] 
[INFO] >>> spring-boot:3.3.5:run (default-cli) > test-compile @ EV-Project >>>
[INFO] 
[INFO] --- resources:3.3.1:resources (default-resources) @ EV-Project ---
[INFO] Copying 1 resource from src\main\resources to target\classes
[INFO] Copying 0 resource from src\main\resources to target\classes
[INFO] 
[INFO] --- compiler:3.13.0:compile (default-compile) @ EV-Project ---
[INFO] Nothing to compile - all classes are up to date.
[INFO] 
[INFO] --- resources:3.3.1:testResources (default-testResources) @ EV-Project ---
[INFO] skip non existing resourceDirectory D:\Ganesh\work\EV-Project\backend\src\test\resources
[INFO] 
[INFO] --- compiler:3.13.0:testCompile (default-testCompile) @ EV-Project ---
[INFO] Nothing to compile - all classes are up to date.
[INFO] 
[INFO] <<< spring-boot:3.3.5:run (default-cli) < test-compile @ EV-Project <<<
[INFO] 
[INFO] 
[INFO] --- spring-boot:3.3.5:run (default-cli) @ EV-Project ---
[INFO] Attaching agents: []

  .   ____          _            __ _ _
 /\\ / ___'_ __ _ _(_)_ __  __ _ \ \ \ \
( ( )\___ | '_ | '_| | '_ \/ _` | \ \ \ \
 \\/  ___)| |_)| | | | | || (_| |  ) ) ) )
  '  |____| .__|_| |_|_| |_\__, | / / / /
 =========|_|==============|___/=/_/_/_/

 :: Spring Boot ::                (v3.3.5)

2026-02-14T11:54:00.094+05:30  INFO 15916 --- [ev-project] [           main] c.g.EV_Project.EvProjectApplication      : Starting EvProjectApplication using Java 21.0.9 with PID 15916 (D:\Ganesh\work\EV-Project\backend\target\classes started by SEPLe in D:\Ganesh\work\EV-Project\backend)
2026-02-14T11:54:00.095+05:30  INFO 15916 --- [ev-project] [           main] c.g.EV_Project.EvProjectApplication      : No active profile set, falling back to 1 default profile: "default"
2026-02-14T11:54:00.410+05:30  INFO 15916 --- [ev-project] [           main] .s.d.r.c.RepositoryConfigurationDelegate : Bootstrapping Spring Data JPA repositories in DEFAULT mode.
2026-02-14T11:54:00.444+05:30  INFO 15916 --- [ev-project] [           main] .s.d.r.c.RepositoryConfigurationDelegate : Finished Spring Data repository scanning in 30 ms. Found 7 JPA repository interfaces.
2026-02-14T11:54:00.709+05:30  INFO 15916 --- [ev-project] [           main] o.s.b.w.embedded.tomcat.TomcatWebServer  : Tomcat initialized with port 8080 (http)
2026-02-14T11:54:00.715+05:30  INFO 15916 --- [ev-project] [           main] o.apache.catalina.core.StandardService   : Starting service [Tomcat]
2026-02-14T11:54:00.716+05:30  INFO 15916 --- [ev-project] [           main] o.apache.catalina.core.StandardEngine    : Starting Servlet engine: [Apache Tomcat/10.1.31]
2026-02-14T11:54:00.741+05:30  INFO 15916 --- [ev-project] [           main] o.a.c.c.C.[Tomcat].[localhost].[/]       : Initializing Spring embedded WebApplicationContext
2026-02-14T11:54:00.741+05:30  INFO 15916 --- [ev-project] [           main] w.s.c.ServletWebServerApplicationContext : Root WebApplicationContext: initialization completed in 624 ms
2026-02-14T11:54:00.797+05:30  INFO 15916 --- [ev-project] [           main] o.hibernate.jpa.internal.util.LogHelper  : HHH000204: Processing PersistenceUnitInfo [name: default]
2026-02-14T11:54:00.828+05:30  INFO 15916 --- [ev-project] [           main] org.hibernate.Version                    : HHH000412: Hibernate ORM core version 6.5.3.Final
2026-02-14T11:54:00.845+05:30  INFO 15916 --- [ev-project] [           main] o.h.c.internal.RegionFactoryInitiator    : HHH000026: Second-level cache disabled
2026-02-14T11:54:00.976+05:30  INFO 15916 --- [ev-project] [           main] o.s.o.j.p.SpringPersistenceUnitInfo      : No LoadTimeWeaver setup: ignoring JPA class transformer
2026-02-14T11:54:00.991+05:30  INFO 15916 --- [ev-project] [           main] com.zaxxer.hikari.HikariDataSource       : HikariPool-1 - Starting...
2026-02-14T11:54:01.076+05:30  INFO 15916 --- [ev-project] [           main] com.zaxxer.hikari.pool.HikariPool        : HikariPool-1 - Added connection com.mysql.cj.jdbc.ConnectionImpl@5408d4b3
2026-02-14T11:54:01.077+05:30  INFO 15916 --- [ev-project] [           main] com.zaxxer.hikari.HikariDataSource       : HikariPool-1 - Start completed.
2026-02-14T11:54:01.100+05:30  WARN 15916 --- [ev-project] [           main] org.hibernate.orm.deprecation            : HHH90000025: MySQLDialect does not need to be specified explicitly using 'hibernate.dialect' (remove the property setting and it will be selected by default)
2026-02-14T11:54:01.603+05:30  INFO 15916 --- [ev-project] [           main] o.h.e.t.j.p.i.JtaPlatformInitiator       : HHH000489: No JTA platform available (set 'hibernate.transaction.jta.platform' to enable JTA platform integration)
2026-02-14T11:54:01.649+05:30  INFO 15916 --- [ev-project] [           main] j.LocalContainerEntityManagerFactoryBean : Initialized JPA EntityManagerFactory for persistence unit 'default'
2026-02-14T11:54:01.829+05:30  INFO 15916 --- [ev-project] [           main] o.s.d.j.r.query.QueryEnhancerFactory     : Hibernate is in classpath; If applicable, HQL parser will be used.
2026-02-14T11:54:02.191+05:30  WARN 15916 --- [ev-project] [           main] JpaBaseConfiguration$JpaWebConfiguration : spring.jpa.open-in-view is enabled by default. Therefore, database queries may be performed during view rendering. Explicitly configure spring.jpa.open-in-view to disable this warning
2026-02-14T11:54:02.202+05:30  INFO 15916 --- [ev-project] [           main] r$InitializeUserDetailsManagerConfigurer : Global AuthenticationManager configured with UserDetailsService bean with name userDetailsServiceImpl
2026-02-14T11:54:02.329+05:30 DEBUG 15916 --- [ev-project] [           main] o.s.s.web.DefaultSecurityFilterChain     : Will secure any request with filters: DisableEncodeUrlFilter, WebAsyncManagerIntegrationFilter, SecurityContextHolderFilter, HeaderWriterFilter, CorsFilter, LogoutFilter, JwtRequestFilter, RequestCacheAwareFilter, SecurityContextHolderAwareRequestFilter, AnonymousAuthenticationFilter, SessionManagementFilter, ExceptionTranslationFilter, AuthorizationFilter
2026-02-14T11:54:02.466+05:30  INFO 15916 --- [ev-project] [           main] o.s.b.w.embedded.tomcat.TomcatWebServer  : Tomcat started on port 8080 (http) with context path '/'
2026-02-14T11:54:02.467+05:30  INFO 15916 --- [ev-project] [           main] o.s.m.s.b.SimpleBrokerMessageHandler     : Starting...
2026-02-14T11:54:02.467+05:30  INFO 15916 --- [ev-project] [           main] o.s.m.s.b.SimpleBrokerMessageHandler     : BrokerAvailabilityEvent[available=true, SimpleBrokerMessageHandler [org.springframework.messaging.simp.broker.DefaultSubscriptionRegistry@323ebcc6]]
2026-02-14T11:54:02.467+05:30  INFO 15916 --- [ev-project] [           main] o.s.m.s.b.SimpleBrokerMessageHandler     : Started.
2026-02-14T11:54:02.471+05:30  INFO 15916 --- [ev-project] [           main] c.g.EV_Project.EvProjectApplication      : Started EvProjectApplication in 2.549 seconds (process running for 2.718)
Hibernate: 
    select
        b1_0.id,
        b1_0.created_at,
        b1_0.end_time,
        b1_0.price_estimate,
        b1_0.slot_id,
        b1_0.start_time,
        b1_0.status,
        b1_0.user_id 
    from
        bookings b1_0 
    where
        b1_0.status=?
2026-02-14T11:54:12.316+05:30  INFO 15916 --- [ev-project] [0.0-8080-exec-1] o.a.c.c.C.[Tomcat].[localhost].[/]       : Initializing Spring DispatcherServlet 'dispatcherServlet'
2026-02-14T11:54:12.316+05:30  INFO 15916 --- [ev-project] [0.0-8080-exec-1] o.s.web.servlet.DispatcherServlet        : Initializing Servlet 'dispatcherServlet'
2026-02-14T11:54:12.317+05:30  INFO 15916 --- [ev-project] [0.0-8080-exec-1] o.s.web.servlet.DispatcherServlet        : Completed initialization in 1 ms
2026-02-14T11:54:12.324+05:30 DEBUG 15916 --- [ev-project] [0.0-8080-exec-1] o.s.security.web.FilterChainProxy        : Securing GET /api/stations
2026-02-14T11:54:12.327+05:30 DEBUG 15916 --- [ev-project] [0.0-8080-exec-1] o.s.s.w.a.AnonymousAuthenticationFilter  : Set SecurityContextHolder to anonymous SecurityContext
2026-02-14T11:54:12.328+05:30 DEBUG 15916 --- [ev-project] [0.0-8080-exec-1] o.s.s.w.a.Http403ForbiddenEntryPoint     : Pre-authenticated entry point called. Rejecting access
2026-02-14T11:54:12.331+05:30 DEBUG 15916 --- [ev-project] [0.0-8080-exec-1] o.s.security.web.FilterChainProxy        : Securing GET /error
2026-02-14T11:54:12.331+05:30 DEBUG 15916 --- [ev-project] [0.0-8080-exec-1] o.s.s.w.a.AnonymousAuthenticationFilter  : Set SecurityContextHolder to anonymous SecurityContext
2026-02-14T11:54:12.332+05:30 DEBUG 15916 --- [ev-project] [0.0-8080-exec-1] o.s.s.w.a.Http403ForbiddenEntryPoint     : Pre-authenticated entry point called. Rejecting access
2026-02-14T11:55:02.460+05:30  INFO 15916 --- [ev-project] [MessageBroker-2] o.s.w.s.c.WebSocketMessageBrokerStats    : WebSocketSession[0 current WS(0)-HttpStream(0)-HttpPoll(0), 0 total, 0 closed abnormally (0 connect failure, 0 send limit, 0 transport error)], stompSubProtocol[processed CONNECT(0)-CONNECTED(0)-DISCONNECT(0)], stompBrokerRelay[null], inboundChannel[pool size = 0, active threads = 0, queued tasks = 0, completed tasks = 0], outboundChannel[pool size = 0, active threads = 0, queued tasks = 0, completed tasks = 0], sockJsScheduler[pool size = 3, active threads = 1, queued tasks = 1, completed tasks = 1]
Hibernate: 
    select
        b1_0.id,
        b1_0.created_at,
        b1_0.end_time,
        b1_0.price_estimate,
        b1_0.slot_id,
        b1_0.start_time,
        b1_0.status,
        b1_0.user_id 
    from
        bookings b1_0 
    where
        b1_0.status=?
2026-02-14T11:55:12.818+05:30 DEBUG 15916 --- [ev-project] [0.0-8080-exec-2] o.s.security.web.FilterChainProxy        : Securing GET /api/stations
2026-02-14T11:55:12.819+05:30 DEBUG 15916 --- [ev-project] [0.0-8080-exec-2] o.s.s.w.a.AnonymousAuthenticationFilter  : Set SecurityContextHolder to anonymous SecurityContext
2026-02-14T11:55:12.819+05:30 DEBUG 15916 --- [ev-project] [0.0-8080-exec-2] o.s.s.w.a.Http403ForbiddenEntryPoint     : Pre-authenticated entry point called. Rejecting access
2026-02-14T11:55:12.819+05:30 DEBUG 15916 --- [ev-project] [0.0-8080-exec-2] o.s.security.web.FilterChainProxy        : Securing GET /error
2026-02-14T11:55:12.819+05:30 DEBUG 15916 --- [ev-project] [0.0-8080-exec-2] o.s.s.w.a.AnonymousAuthenticationFilter  : Set SecurityContextHolder to anonymous SecurityContext
2026-02-14T11:55:12.819+05:30 DEBUG 15916 --- [ev-project] [0.0-8080-exec-2] o.s.s.w.a.Http403ForbiddenEntryPoint     : Pre-authenticated entry point called. Rejecting access
2026-02-14T11:55:25.526+05:30 DEBUG 15916 --- [ev-project] [0.0-8080-exec-4] o.s.security.web.FilterChainProxy        : Securing GET /api/stations
2026-02-14T11:55:25.526+05:30 DEBUG 15916 --- [ev-project] [0.0-8080-exec-4] o.s.s.w.a.AnonymousAuthenticationFilter  : Set SecurityContextHolder to anonymous SecurityContext
2026-02-14T11:55:25.526+05:30 DEBUG 15916 --- [ev-project] [0.0-8080-exec-4] o.s.s.w.a.Http403ForbiddenEntryPoint     : Pre-authenticated entry point called. Rejecting access
2026-02-14T11:55:25.527+05:30 DEBUG 15916 --- [ev-project] [0.0-8080-exec-4] o.s.security.web.FilterChainProxy        : Securing GET /error
2026-02-14T11:55:25.527+05:30 DEBUG 15916 --- [ev-project] [0.0-8080-exec-4] o.s.s.w.a.AnonymousAuthenticationFilter  : Set SecurityContextHolder to anonymous SecurityContext
2026-02-14T11:55:25.527+05:30 DEBUG 15916 --- [ev-project] [0.0-8080-exec-4] o.s.s.w.a.Http403ForbiddenEntryPoint     : Pre-authenticated entry point called. Rejecting access
2026-02-14T11:55:31.922+05:30 DEBUG 15916 --- [ev-project] [0.0-8080-exec-3] o.s.security.web.FilterChainProxy        : Securing GET /api/auth/send-otp?mobileNumber=9876543210
2026-02-14T11:55:31.923+05:30 DEBUG 15916 --- [ev-project] [0.0-8080-exec-3] o.s.s.w.a.AnonymousAuthenticationFilter  : Set SecurityContextHolder to anonymous SecurityContext
2026-02-14T11:55:31.923+05:30 DEBUG 15916 --- [ev-project] [0.0-8080-exec-3] o.s.security.web.FilterChainProxy        : Secured GET /api/auth/send-otp?mobileNumber=9876543210
2026-02-14T11:55:31.927+05:30  WARN 15916 --- [ev-project] [0.0-8080-exec-3] .w.s.m.s.DefaultHandlerExceptionResolver : Resolved [org.springframework.web.HttpRequestMethodNotSupportedException: Request method 'GET' is not supported]
2026-02-14T11:55:31.927+05:30 DEBUG 15916 --- [ev-project] [0.0-8080-exec-3] o.s.security.web.FilterChainProxy        : Securing GET /error?mobileNumber=9876543210
2026-02-14T11:55:31.927+05:30 DEBUG 15916 --- [ev-project] [0.0-8080-exec-3] o.s.s.w.a.AnonymousAuthenticationFilter  : Set SecurityContextHolder to anonymous SecurityContext
2026-02-14T11:55:31.927+05:30 DEBUG 15916 --- [ev-project] [0.0-8080-exec-3] o.s.s.w.a.Http403ForbiddenEntryPoint     : Pre-authenticated entry point called. Rejecting access
2026-02-14T11:55:36.481+05:30 DEBUG 15916 --- [ev-project] [0.0-8080-exec-8] o.s.security.web.FilterChainProxy        : Securing GET /api/auth/send-otp?mobileNumber=9876543210
2026-02-14T11:55:36.481+05:30 DEBUG 15916 --- [ev-project] [0.0-8080-exec-8] o.s.s.w.a.AnonymousAuthenticationFilter  : Set SecurityContextHolder to anonymous SecurityContext
2026-02-14T11:55:36.481+05:30 DEBUG 15916 --- [ev-project] [0.0-8080-exec-8] o.s.security.web.FilterChainProxy        : Secured GET /api/auth/send-otp?mobileNumber=9876543210
2026-02-14T11:55:36.482+05:30  WARN 15916 --- [ev-project] [0.0-8080-exec-8] .w.s.m.s.DefaultHandlerExceptionResolver : Resolved [org.springframework.web.HttpRequestMethodNotSupportedException: Request method 'GET' is not supported]
2026-02-14T11:55:36.482+05:30 DEBUG 15916 --- [ev-project] [0.0-8080-exec-8] o.s.security.web.FilterChainProxy        : Securing GET /error?mobileNumber=9876543210
2026-02-14T11:55:36.482+05:30 DEBUG 15916 --- [ev-project] [0.0-8080-exec-8] o.s.s.w.a.AnonymousAuthenticationFilter  : Set SecurityContextHolder to anonymous SecurityContext
2026-02-14T11:55:36.482+05:30 DEBUG 15916 --- [ev-project] [0.0-8080-exec-8] o.s.s.w.a.Http403ForbiddenEntryPoint     : Pre-authenticated entry point called. Rejecting access
2026-02-14T11:55:43.562+05:30 DEBUG 15916 --- [ev-project] [.0-8080-exec-10] o.s.security.web.FilterChainProxy        : Securing POST /api/auth/send-otp?mobileNumber=9876543210
2026-02-14T11:55:43.562+05:30 DEBUG 15916 --- [ev-project] [.0-8080-exec-10] o.s.s.w.a.AnonymousAuthenticationFilter  : Set SecurityContextHolder to anonymous SecurityContext
2026-02-14T11:55:43.562+05:30 DEBUG 15916 --- [ev-project] [.0-8080-exec-10] o.s.security.web.FilterChainProxy        : Secured POST /api/auth/send-otp?mobileNumber=9876543210
Hibernate: 
    insert 
    into
        otps
        (expiry_time, mobile_number, otp, used) 
    values
        (?, ?, ?, ?)
Hibernate: 
    select
        b1_0.id,
        b1_0.created_at,
        b1_0.end_time,
        b1_0.price_estimate,
        b1_0.slot_id,
        b1_0.start_time,
        b1_0.status,
        b1_0.user_id 
    from
        bookings b1_0 
    where
        b1_0.status=?
Hibernate: 
    select
        b1_0.id,
        b1_0.created_at,
        b1_0.end_time,
        b1_0.price_estimate,
        b1_0.slot_id,
        b1_0.start_time,
        b1_0.status,
        b1_0.user_id 
    from
        bookings b1_0 
    where
        b1_0.status=?
Hibernate: 
    select
        b1_0.id,
        b1_0.created_at,
        b1_0.end_time,
        b1_0.price_estimate,
        b1_0.slot_id,
        b1_0.start_time,
        b1_0.status,
        b1_0.user_id 
    from
        bookings b1_0 
    where
        b1_0.status=?
[INFO] ------------------------------------------------------------------------
[INFO] BUILD FAILURE
[INFO] ------------------------------------------------------------------------
[INFO] Total time:  04:31 min
[INFO] Finished at: 2026-02-14T11:58:30+05:30
[INFO] ------------------------------------------------------------------------
[ERROR] Failed to execute goal org.springframework.boot:spring-boot-maven-plugin:3.3.5:run (default-cli) on project EV-Project: Process terminated with exit code: 1 -> [Help 1]
[ERROR] 
[ERROR] To see the full stack trace of the errors, re-run Maven with the -e switch.
[ERROR] Re-run Maven using the -X switch to enable full debug logging.
[ERROR] 
[ERROR] For more information about the errors and possible solutions, please read the following articles:
[ERROR] [Help 1] http://cwiki.apache.org/confluence/display/MAVEN/MojoExecutionException
