#
# There is insufficient memory for the Java Runtime Environment to continue.
# Native memory allocation (malloc) failed to allocate 987696 bytes. Error detail: Chunk::new
# Possible reasons:
#   The system is out of physical RAM or swap space
#   This process is running with CompressedOops enabled, and the Java Heap may be blocking the growth of the native heap
# Possible solutions:
#   Reduce memory load on the system
#   Increase physical memory or swap space
#   Check if swap backing store is full
#   Decrease Java heap size (-Xmx/-Xms)
#   Decrease number of Java threads
#   Decrease Java thread stack sizes (-Xss)
#   Set larger code cache with -XX:ReservedCodeCacheSize=
#   JVM is running with Zero Based Compressed Oops mode in which the Java heap is
#     placed in the first 32GB address space. The Java Heap base address is the
#     maximum limit for the native heap growth. Please use -XX:HeapBaseMinAddress
#     to set the Java Heap base and to place the Java Heap above 32GB virtual address.
# This output file may be truncated or incomplete.
#
#  Out of Memory Error (arena.cpp:168), pid=34984, tid=27312
#
# JRE version: OpenJDK Runtime Environment (21.0.9) (build 21.0.9+-14649483-b1163.86)
# Java VM: OpenJDK 64-Bit Server VM (21.0.9+-14649483-b1163.86, mixed mode, tiered, compressed oops, compressed class ptrs, g1 gc, windows-amd64)
# No core dump will be written. Minidumps are not enabled by default on client versions of Windows
#

---------------  S U M M A R Y ------------

Command Line: org.jetbrains.kotlin.cli.jvm.K2JVMCompiler @D:\Ganesh\work\EV-Project\android\app\build\20260214_5772171486937471334.compiler.options

Host: 12th Gen Intel(R) Core(TM) i7-12700, 20 cores, 15G,  Windows 10 , 64 bit Build 18362 (10.0.18362.329)
Time: Sat Feb 14 15:53:48 2026 India Standard Time elapsed time: 5.021559 seconds (0d 0h 0m 5s)

---------------  T H R E A D  ---------------

Current thread (0x0000013270dcf370):  JavaThread "C2 CompilerThread2" daemon [_thread_in_native, id=27312, stack(0x0000001137a00000,0x0000001137b00000) (1024K)]


Current CompileTask:
C2:5021 12546       4       org.jetbrains.kotlin.fir.analysis.checkers.expression.FirOptInUsageBaseChecker::loadExperimentalitiesFromAnnotationTo (324 bytes)

Stack: [0x0000001137a00000,0x0000001137b00000]
Native frames: (J=compiled Java code, j=interpreted, Vv=VM code, C=native code)
V  [jvm.dll+0x6d6c99]
V  [jvm.dll+0x866b83]
V  [jvm.dll+0x86919e]
V  [jvm.dll+0x869883]
V  [jvm.dll+0x280776]
V  [jvm.dll+0xc07cd]
V  [jvm.dll+0xc0d03]
V  [jvm.dll+0x2f5a10]
V  [jvm.dll+0x5ff9a9]
V  [jvm.dll+0x252572]
V  [jvm.dll+0x25292f]
V  [jvm.dll+0x24b0d5]
V  [jvm.dll+0x24892e]
V  [jvm.dll+0x1c7344]
V  [jvm.dll+0x2581ae]
V  [jvm.dll+0x2566f6]
V  [jvm.dll+0x3f48a6]
V  [jvm.dll+0x80f118]
V  [jvm.dll+0x6d54ed]
C  [ucrtbase.dll+0x20e72]
C  [KERNEL32.DLL+0x17bd4]
C  [ntdll.dll+0x6ced1]


---------------  P R O C E S S  ---------------

Threads class SMR info:
_java_thread_list=0x000001327187a480, length=18, elements={
0x000001324ddcfa00, 0x000001326b15edc0, 0x000001326b16aac0, 0x000001326b178e30,
0x000001326b179b10, 0x000001326b17a570, 0x000001326b18dff0, 0x000001326b17fd00,
0x000001326b183210, 0x000001326b19a8e0, 0x000001326b241650, 0x000001326b180390,
0x000001326b3cfd70, 0x000001326b64b210, 0x000001326b98d170, 0x0000013270dcf370,
0x000001327148a940, 0x000001327148aff0
}

Java Threads: ( => current thread )
  0x000001324ddcfa00 JavaThread "main"                              [_thread_in_Java, id=34968, stack(0x0000001136600000,0x0000001136700000) (1024K)]
  0x000001326b15edc0 JavaThread "Common-Cleaner"             daemon [_thread_blocked, id=37740, stack(0x0000001136e00000,0x0000001136f00000) (1024K)]
  0x000001326b16aac0 JavaThread "Reference Handler"          daemon [_thread_blocked, id=37760, stack(0x0000001136f00000,0x0000001137000000) (1024K)]
  0x000001326b178e30 JavaThread "Finalizer"                  daemon [_thread_blocked, id=34624, stack(0x0000001137000000,0x0000001137100000) (1024K)]
  0x000001326b179b10 JavaThread "Signal Dispatcher"          daemon [_thread_blocked, id=35092, stack(0x0000001137100000,0x0000001137200000) (1024K)]
  0x000001326b17a570 JavaThread "Attach Listener"            daemon [_thread_blocked, id=15300, stack(0x0000001137200000,0x0000001137300000) (1024K)]
  0x000001326b18dff0 JavaThread "Service Thread"             daemon [_thread_blocked, id=35384, stack(0x0000001137300000,0x0000001137400000) (1024K)]
  0x000001326b17fd00 JavaThread "Monitor Deflation Thread"   daemon [_thread_blocked, id=34936, stack(0x0000001137400000,0x0000001137500000) (1024K)]
  0x000001326b183210 JavaThread "C2 CompilerThread0"         daemon [_thread_in_vm, id=32168, stack(0x0000001137500000,0x0000001137600000) (1024K)]
  0x000001326b19a8e0 JavaThread "C1 CompilerThread0"         daemon [_thread_blocked, id=37704, stack(0x0000001137600000,0x0000001137700000) (1024K)]
  0x000001326b241650 JavaThread "C1 CompilerThread1"         daemon [_thread_blocked, id=33880, stack(0x0000001137700000,0x0000001137800000) (1024K)]
  0x000001326b180390 JavaThread "Notification Thread"        daemon [_thread_blocked, id=36804, stack(0x0000001137800000,0x0000001137900000) (1024K)]
  0x000001326b3cfd70 JavaThread "C2 CompilerThread1"         daemon [_thread_in_native, id=37692, stack(0x0000001137900000,0x0000001137a00000) (1024K)]
  0x000001326b64b210 JavaThread "C1 CompilerThread2"         daemon [_thread_blocked, id=28216, stack(0x0000001137b00000,0x0000001137c00000) (1024K)]
  0x000001326b98d170 JavaThread "C1 CompilerThread3"         daemon [_thread_blocked, id=27500, stack(0x0000001137c00000,0x0000001137d00000) (1024K)]
=>0x0000013270dcf370 JavaThread "C2 CompilerThread2"         daemon [_thread_in_native, id=27312, stack(0x0000001137a00000,0x0000001137b00000) (1024K)]
  0x000001327148a940 JavaThread "C2 CompilerThread3"         daemon [_thread_in_native, id=37228, stack(0x0000001138700000,0x0000001138800000) (1024K)]
  0x000001327148aff0 JavaThread "C2 CompilerThread4"         daemon [_thread_blocked, id=37224, stack(0x0000001138d00000,0x0000001138e00000) (1024K)]
Total: 18

Other Threads:
  0x000001326af79850 VMThread "VM Thread"                           [id=37736, stack(0x0000001136d00000,0x0000001136e00000) (1024K)]
  0x000001326af1d370 WatcherThread "VM Periodic Task Thread"        [id=37732, stack(0x0000001136c00000,0x0000001136d00000) (1024K)]
  0x000001325025c3e0 WorkerThread "GC Thread#0"                     [id=35944, stack(0x0000001136700000,0x0000001136800000) (1024K)]
  0x000001326baccb80 WorkerThread "GC Thread#1"                     [id=18392, stack(0x0000001137d00000,0x0000001137e00000) (1024K)]
  0x000001326baccf20 WorkerThread "GC Thread#2"                     [id=35100, stack(0x0000001137e00000,0x0000001137f00000) (1024K)]
  0x000001326bacd2c0 WorkerThread "GC Thread#3"                     [id=19552, stack(0x0000001137f00000,0x0000001138000000) (1024K)]
  0x000001326bb12d10 WorkerThread "GC Thread#4"                     [id=36004, stack(0x0000001138000000,0x0000001138100000) (1024K)]
  0x000001326bb130b0 WorkerThread "GC Thread#5"                     [id=35560, stack(0x0000001138100000,0x0000001138200000) (1024K)]
  0x000001326bc8e4e0 WorkerThread "GC Thread#6"                     [id=27436, stack(0x0000001138200000,0x0000001138300000) (1024K)]
  0x000001326bc8ec20 WorkerThread "GC Thread#7"                     [id=27432, stack(0x0000001138300000,0x0000001138400000) (1024K)]
  0x00000132704c3580 WorkerThread "GC Thread#8"                     [id=28152, stack(0x0000001138800000,0x0000001138900000) (1024K)]
  0x00000132704c3cc0 WorkerThread "GC Thread#9"                     [id=28608, stack(0x0000001138900000,0x0000001138a00000) (1024K)]
  0x00000132704c4060 WorkerThread "GC Thread#10"                    [id=27084, stack(0x0000001138a00000,0x0000001138b00000) (1024K)]
  0x00000132704c4400 WorkerThread "GC Thread#11"                    [id=27140, stack(0x0000001138b00000,0x0000001138c00000) (1024K)]
  0x0000013272cfc630 WorkerThread "GC Thread#12"                    [id=26660, stack(0x0000001138c00000,0x0000001138d00000) (1024K)]
  0x0000013270d936d0 WorkerThread "GC Thread#13"                    [id=37216, stack(0x0000001139000000,0x0000001139100000) (1024K)]
  0x0000013270d92110 WorkerThread "GC Thread#14"                    [id=37232, stack(0x0000001139100000,0x0000001139200000) (1024K)]
  0x000001325026d030 ConcurrentGCThread "G1 Main Marker"            [id=35292, stack(0x0000001136800000,0x0000001136900000) (1024K)]
  0x000001325026db30 WorkerThread "G1 Conc#0"                       [id=36860, stack(0x0000001136900000,0x0000001136a00000) (1024K)]
  0x000001326bc8e880 WorkerThread "G1 Conc#1"                       [id=27356, stack(0x0000001138400000,0x0000001138500000) (1024K)]
  0x000001326bc8f360 WorkerThread "G1 Conc#2"                       [id=27332, stack(0x0000001138500000,0x0000001138600000) (1024K)]
  0x000001326bc8f700 WorkerThread "G1 Conc#3"                       [id=26636, stack(0x0000001138600000,0x0000001138700000) (1024K)]
  0x000001326adecec0 ConcurrentGCThread "G1 Refine#0"               [id=37700, stack(0x0000001136a00000,0x0000001136b00000) (1024K)]
  0x000001326aded840 ConcurrentGCThread "G1 Service"                [id=37724, stack(0x0000001136b00000,0x0000001136c00000) (1024K)]
Total: 24

Threads with active compile tasks:
C2 CompilerThread0  5028 12588       4       org.jetbrains.kotlin.fir.expressions.ReferenceUtilsKt::toReferenceImpl (132 bytes)
C2 CompilerThread1  5028 12585       4       org.jetbrains.kotlin.fir.analysis.checkers.FirHelpersKt::getContainingClassSymbol (22 bytes)
C2 CompilerThread2  5028 12546       4       org.jetbrains.kotlin.fir.analysis.checkers.expression.FirOptInUsageBaseChecker::loadExperimentalitiesFromAnnotationTo (324 bytes)
C2 CompilerThread3  5028 12567       4       org.jetbrains.kotlin.fir.analysis.jvm.checkers.expression.FirJvmMissingBuiltInDeclarationChecker::check (171 bytes)
Total: 4

VM state: not at safepoint (normal execution)

VM Mutex/Monitor currently owned by a thread: None

Heap address: 0x0000000705000000, size: 4016 MB, Compressed Oops mode: Zero based, Oop shift amount: 3

CDS archive(s) not mapped
Compressed class space mapped at: 0x0000000800000000-0x0000000840000000, reserved size: 1073741824
Narrow klass base: 0x0000000800000000, Narrow klass shift: 0, Narrow klass range: 0x40000000

GC Precious Log:
 CardTable entry size: 512
 Card Set container configuration: InlinePtr #cards 4 size 8 Array Of Cards #cards 16 size 48 Howl #buckets 8 coarsen threshold 3686 Howl Bitmap #cards 512 size 80 coarsen threshold 460 Card regions per heap region 1 cards per card region 4096
 CPUs: 20 total, 20 available
 Memory: 16058M
 Large Page Support: Disabled
 NUMA Support: Disabled
 Compressed Oops: Enabled (Zero based)
 Heap Region Size: 2M
 Heap Min Capacity: 8M
 Heap Initial Capacity: 252M
 Heap Max Capacity: 4016M
 Pre-touch: Disabled
 Parallel Workers: 15
 Concurrent Workers: 4
 Concurrent Refinement Workers: 15
 Periodic GC: Disabled

Heap:
 garbage-first heap   total 159744K, used 106666K [0x0000000705000000, 0x0000000800000000)
  region size 2048K, 8 young (16384K), 3 survivors (6144K)
 Metaspace       used 69789K, committed 70144K, reserved 1114112K
  class space    used 7690K, committed 7872K, reserved 1048576K

Heap Regions: E=young(eden), S=young(survivor), O=old, HS=humongous(starts), HC=humongous(continues), CS=collection set, F=free, TAMS=top-at-mark-start, PB=parsable bottom
|   0|0x0000000705000000, 0x0000000705200000, 0x0000000705200000|100%|HS|  |TAMS 0x0000000705000000| PB 0x0000000705000000| Complete 
|   1|0x0000000705200000, 0x0000000705400000, 0x0000000705400000|100%|HC|  |TAMS 0x0000000705200000| PB 0x0000000705200000| Complete 
|   2|0x0000000705400000, 0x0000000705600000, 0x0000000705600000|100%| O|  |TAMS 0x0000000705400000| PB 0x0000000705400000| Untracked 
|   3|0x0000000705600000, 0x0000000705800000, 0x0000000705800000|100%| O|  |TAMS 0x0000000705600000| PB 0x0000000705600000| Untracked 
|   4|0x0000000705800000, 0x0000000705a00000, 0x0000000705a00000|100%| O|  |TAMS 0x0000000705800000| PB 0x0000000705800000| Untracked 
|   5|0x0000000705a00000, 0x0000000705c00000, 0x0000000705c00000|100%| O|  |TAMS 0x0000000705a00000| PB 0x0000000705a00000| Untracked 
|   6|0x0000000705c00000, 0x0000000705e00000, 0x0000000705e00000|100%| O|  |TAMS 0x0000000705c00000| PB 0x0000000705c00000| Untracked 
|   7|0x0000000705e00000, 0x0000000706000000, 0x0000000706000000|100%| O|  |TAMS 0x0000000705e00000| PB 0x0000000705e00000| Untracked 
|   8|0x0000000706000000, 0x0000000706200000, 0x0000000706200000|100%| O|  |TAMS 0x0000000706000000| PB 0x0000000706000000| Untracked 
|   9|0x0000000706200000, 0x0000000706400000, 0x0000000706400000|100%| O|  |TAMS 0x0000000706200000| PB 0x0000000706200000| Untracked 
|  10|0x0000000706400000, 0x0000000706600000, 0x0000000706600000|100%| O|  |TAMS 0x0000000706400000| PB 0x0000000706400000| Untracked 
|  11|0x0000000706600000, 0x0000000706800000, 0x0000000706800000|100%| O|  |TAMS 0x0000000706600000| PB 0x0000000706600000| Untracked 
|  12|0x0000000706800000, 0x0000000706a00000, 0x0000000706a00000|100%| O|  |TAMS 0x0000000706800000| PB 0x0000000706800000| Untracked 
|  13|0x0000000706a00000, 0x0000000706c00000, 0x0000000706c00000|100%| O|  |TAMS 0x0000000706a00000| PB 0x0000000706a00000| Untracked 
|  14|0x0000000706c00000, 0x0000000706e00000, 0x0000000706e00000|100%| O|  |TAMS 0x0000000706c00000| PB 0x0000000706c00000| Untracked 
|  15|0x0000000706e00000, 0x0000000707000000, 0x0000000707000000|100%| O|  |TAMS 0x0000000706e00000| PB 0x0000000706e00000| Untracked 
|  16|0x0000000707000000, 0x0000000707200000, 0x0000000707200000|100%| O|  |TAMS 0x0000000707000000| PB 0x0000000707000000| Untracked 
|  17|0x0000000707200000, 0x0000000707400000, 0x0000000707400000|100%| O|  |TAMS 0x0000000707200000| PB 0x0000000707200000| Untracked 
|  18|0x0000000707400000, 0x0000000707600000, 0x0000000707600000|100%| O|  |TAMS 0x0000000707400000| PB 0x0000000707400000| Untracked 
|  19|0x0000000707600000, 0x0000000707800000, 0x0000000707800000|100%| O|  |TAMS 0x0000000707600000| PB 0x0000000707600000| Untracked 
|  20|0x0000000707800000, 0x0000000707a00000, 0x0000000707a00000|100%| O|  |TAMS 0x0000000707800000| PB 0x0000000707800000| Untracked 
|  21|0x0000000707a00000, 0x0000000707c00000, 0x0000000707c00000|100%| O|  |TAMS 0x0000000707a00000| PB 0x0000000707a00000| Untracked 
|  22|0x0000000707c00000, 0x0000000707e00000, 0x0000000707e00000|100%| O|  |TAMS 0x0000000707c00000| PB 0x0000000707c00000| Untracked 
|  23|0x0000000707e00000, 0x0000000708000000, 0x0000000708000000|100%| O|  |TAMS 0x0000000707e00000| PB 0x0000000707e00000| Untracked 
|  24|0x0000000708000000, 0x0000000708200000, 0x0000000708200000|100%| O|  |TAMS 0x0000000708000000| PB 0x0000000708000000| Untracked 
|  25|0x0000000708200000, 0x0000000708200000, 0x0000000708400000|  0%| F|  |TAMS 0x0000000708200000| PB 0x0000000708200000| Untracked 
|  26|0x0000000708400000, 0x0000000708600000, 0x0000000708600000|100%| O|  |TAMS 0x0000000708400000| PB 0x0000000708400000| Untracked 
|  27|0x0000000708600000, 0x0000000708800000, 0x0000000708800000|100%| O|  |TAMS 0x0000000708600000| PB 0x0000000708600000| Untracked 
|  28|0x0000000708800000, 0x0000000708a00000, 0x0000000708a00000|100%| O|  |TAMS 0x0000000708800000| PB 0x0000000708800000| Untracked 
|  29|0x0000000708a00000, 0x0000000708c00000, 0x0000000708c00000|100%| O|  |TAMS 0x0000000708a00000| PB 0x0000000708a00000| Untracked 
|  30|0x0000000708c00000, 0x0000000708e00000, 0x0000000708e00000|100%| O|  |TAMS 0x0000000708c00000| PB 0x0000000708c00000| Untracked 
|  31|0x0000000708e00000, 0x0000000709000000, 0x0000000709000000|100%| O|  |TAMS 0x0000000708e00000| PB 0x0000000708e00000| Untracked 
|  32|0x0000000709000000, 0x0000000709200000, 0x0000000709200000|100%| O|  |TAMS 0x0000000709000000| PB 0x0000000709000000| Untracked 
|  33|0x0000000709200000, 0x0000000709400000, 0x0000000709400000|100%| O|  |TAMS 0x0000000709200000| PB 0x0000000709200000| Untracked 
|  34|0x0000000709400000, 0x0000000709600000, 0x0000000709600000|100%| O|  |TAMS 0x0000000709400000| PB 0x0000000709400000| Untracked 
|  35|0x0000000709600000, 0x0000000709800000, 0x0000000709800000|100%| O|  |TAMS 0x0000000709600000| PB 0x0000000709600000| Untracked 
|  36|0x0000000709800000, 0x0000000709a00000, 0x0000000709a00000|100%| O|  |TAMS 0x0000000709800000| PB 0x0000000709800000| Untracked 
|  37|0x0000000709a00000, 0x0000000709c00000, 0x0000000709c00000|100%| O|  |TAMS 0x0000000709a00000| PB 0x0000000709a00000| Untracked 
|  38|0x0000000709c00000, 0x0000000709e00000, 0x0000000709e00000|100%| O|  |TAMS 0x0000000709c00000| PB 0x0000000709c00000| Untracked 
|  39|0x0000000709e00000, 0x000000070a000000, 0x000000070a000000|100%| O|  |TAMS 0x0000000709e00000| PB 0x0000000709e00000| Untracked 
|  40|0x000000070a000000, 0x000000070a200000, 0x000000070a200000|100%| O|  |TAMS 0x000000070a000000| PB 0x000000070a000000| Untracked 
|  41|0x000000070a200000, 0x000000070a400000, 0x000000070a400000|100%| O|  |TAMS 0x000000070a200000| PB 0x000000070a200000| Untracked 
|  42|0x000000070a400000, 0x000000070a600000, 0x000000070a600000|100%| O|  |TAMS 0x000000070a400000| PB 0x000000070a400000| Untracked 
|  43|0x000000070a600000, 0x000000070a800000, 0x000000070a800000|100%| O|  |TAMS 0x000000070a600000| PB 0x000000070a600000| Untracked 
|  44|0x000000070a800000, 0x000000070aa00000, 0x000000070aa00000|100%| O|  |TAMS 0x000000070a800000| PB 0x000000070a800000| Untracked 
|  45|0x000000070aa00000, 0x000000070ac00000, 0x000000070ac00000|100%| O|  |TAMS 0x000000070aa00000| PB 0x000000070aa00000| Untracked 
|  46|0x000000070ac00000, 0x000000070acf5f00, 0x000000070ae00000| 48%| O|  |TAMS 0x000000070ac00000| PB 0x000000070ac00000| Untracked 
|  47|0x000000070ae00000, 0x000000070ae00000, 0x000000070b000000|  0%| F|  |TAMS 0x000000070ae00000| PB 0x000000070ae00000| Untracked 
|  48|0x000000070b000000, 0x000000070b134c10, 0x000000070b200000| 60%| S|CS|TAMS 0x000000070b000000| PB 0x000000070b000000| Complete 
|  49|0x000000070b200000, 0x000000070b400000, 0x000000070b400000|100%| S|CS|TAMS 0x000000070b200000| PB 0x000000070b200000| Complete 
|  50|0x000000070b400000, 0x000000070b600000, 0x000000070b600000|100%| S|CS|TAMS 0x000000070b400000| PB 0x000000070b400000| Complete 
|  51|0x000000070b600000, 0x000000070b600000, 0x000000070b800000|  0%| F|  |TAMS 0x000000070b600000| PB 0x000000070b600000| Untracked 
|  52|0x000000070b800000, 0x000000070b800000, 0x000000070ba00000|  0%| F|  |TAMS 0x000000070b800000| PB 0x000000070b800000| Untracked 
|  53|0x000000070ba00000, 0x000000070ba00000, 0x000000070bc00000|  0%| F|  |TAMS 0x000000070ba00000| PB 0x000000070ba00000| Untracked 
|  54|0x000000070bc00000, 0x000000070bc00000, 0x000000070be00000|  0%| F|  |TAMS 0x000000070bc00000| PB 0x000000070bc00000| Untracked 
|  55|0x000000070be00000, 0x000000070be00000, 0x000000070c000000|  0%| F|  |TAMS 0x000000070be00000| PB 0x000000070be00000| Untracked 
|  56|0x000000070c000000, 0x000000070c000000, 0x000000070c200000|  0%| F|  |TAMS 0x000000070c000000| PB 0x000000070c000000| Untracked 
|  57|0x000000070c200000, 0x000000070c200000, 0x000000070c400000|  0%| F|  |TAMS 0x000000070c200000| PB 0x000000070c200000| Untracked 
|  58|0x000000070c400000, 0x000000070c400000, 0x000000070c600000|  0%| F|  |TAMS 0x000000070c400000| PB 0x000000070c400000| Untracked 
|  59|0x000000070c600000, 0x000000070c600000, 0x000000070c800000|  0%| F|  |TAMS 0x000000070c600000| PB 0x000000070c600000| Untracked 
|  60|0x000000070c800000, 0x000000070c800000, 0x000000070ca00000|  0%| F|  |TAMS 0x000000070c800000| PB 0x000000070c800000| Untracked 
|  61|0x000000070ca00000, 0x000000070ca00000, 0x000000070cc00000|  0%| F|  |TAMS 0x000000070ca00000| PB 0x000000070ca00000| Untracked 
|  62|0x000000070cc00000, 0x000000070cc00000, 0x000000070ce00000|  0%| F|  |TAMS 0x000000070cc00000| PB 0x000000070cc00000| Untracked 
|  63|0x000000070ce00000, 0x000000070ce00000, 0x000000070d000000|  0%| F|  |TAMS 0x000000070ce00000| PB 0x000000070ce00000| Untracked 
|  64|0x000000070d000000, 0x000000070d000000, 0x000000070d200000|  0%| F|  |TAMS 0x000000070d000000| PB 0x000000070d000000| Untracked 
|  65|0x000000070d200000, 0x000000070d200000, 0x000000070d400000|  0%| F|  |TAMS 0x000000070d200000| PB 0x000000070d200000| Untracked 
|  66|0x000000070d400000, 0x000000070d400000, 0x000000070d600000|  0%| F|  |TAMS 0x000000070d400000| PB 0x000000070d400000| Untracked 
|  67|0x000000070d600000, 0x000000070d600000, 0x000000070d800000|  0%| F|  |TAMS 0x000000070d600000| PB 0x000000070d600000| Untracked 
|  68|0x000000070d800000, 0x000000070d800000, 0x000000070da00000|  0%| F|  |TAMS 0x000000070d800000| PB 0x000000070d800000| Untracked 
|  69|0x000000070da00000, 0x000000070da00000, 0x000000070dc00000|  0%| F|  |TAMS 0x000000070da00000| PB 0x000000070da00000| Untracked 
|  70|0x000000070dc00000, 0x000000070dc00000, 0x000000070de00000|  0%| F|  |TAMS 0x000000070dc00000| PB 0x000000070dc00000| Untracked 
|  71|0x000000070de00000, 0x000000070de00000, 0x000000070e000000|  0%| F|  |TAMS 0x000000070de00000| PB 0x000000070de00000| Untracked 
|  72|0x000000070e000000, 0x000000070e000000, 0x000000070e200000|  0%| F|  |TAMS 0x000000070e000000| PB 0x000000070e000000| Untracked 
|  73|0x000000070e200000, 0x000000070e3e9a60, 0x000000070e400000| 95%| E|  |TAMS 0x000000070e200000| PB 0x000000070e200000| Complete 
|  74|0x000000070e400000, 0x000000070e600000, 0x000000070e600000|100%| E|CS|TAMS 0x000000070e400000| PB 0x000000070e400000| Complete 
|  75|0x000000070e600000, 0x000000070e800000, 0x000000070e800000|100%| E|CS|TAMS 0x000000070e600000| PB 0x000000070e600000| Complete 
| 108|0x0000000712800000, 0x0000000712a00000, 0x0000000712a00000|100%| E|CS|TAMS 0x0000000712800000| PB 0x0000000712800000| Complete 
| 125|0x0000000714a00000, 0x0000000714c00000, 0x0000000714c00000|100%| E|CS|TAMS 0x0000000714a00000| PB 0x0000000714a00000| Complete 

Card table byte_map: [0x00000132635e0000,0x0000013263dc0000] _byte_map_base: 0x000001325fdb8000

Marking Bits: (CMBitMap*) 0x000001325025cae0
 Bits: [0x0000013263dc0000, 0x0000013267c80000)

Polling page: 0x000001324e050000

Metaspace:

Usage:
  Non-class:     60.64 MB used.
      Class:      7.51 MB used.
       Both:     68.15 MB used.

Virtual space:
  Non-class space:       64.00 MB reserved,      60.81 MB ( 95%) committed,  1 nodes.
      Class space:        1.00 GB reserved,       7.69 MB ( <1%) committed,  1 nodes.
             Both:        1.06 GB reserved,      68.50 MB (  6%) committed. 

Chunk freelists:
   Non-Class:  3.16 MB
       Class:  8.37 MB
        Both:  11.53 MB

MaxMetaspaceSize: unlimited
CompressedClassSpaceSize: 1.00 GB
Initial GC threshold: 21.00 MB
Current GC threshold: 105.88 MB
CDS: off
 - commit_granule_bytes: 65536.
 - commit_granule_words: 8192.
 - virtual_space_node_default_size: 8388608.
 - enlarge_chunks_in_place: 1.
 - use_allocation_guard: 0.


Internal statistics:

num_allocs_failed_limit: 6.
num_arena_births: 312.
num_arena_deaths: 0.
num_vsnodes_births: 2.
num_vsnodes_deaths: 0.
num_space_committed: 1094.
num_space_uncommitted: 0.
num_chunks_returned_to_freelist: 6.
num_chunks_taken_from_freelist: 2398.
num_chunk_merges: 6.
num_chunk_splits: 2017.
num_chunks_enlarged: 1831.
num_inconsistent_stats: 0.

CodeHeap 'non-profiled nmethods': size=119168Kb used=8235Kb max_used=8235Kb free=110933Kb
 bounds [0x000001325af00000, 0x000001325b710000, 0x0000013262360000]
CodeHeap 'profiled nmethods': size=119104Kb used=42207Kb max_used=42207Kb free=76896Kb
 bounds [0x0000013253360000, 0x0000013255ca0000, 0x000001325a7b0000]
CodeHeap 'non-nmethods': size=7488Kb used=3244Kb max_used=3306Kb free=4244Kb
 bounds [0x000001325a7b0000, 0x000001325aaf0000, 0x000001325af00000]
CodeCache: size=245760Kb, used=53686Kb, max_used=53748Kb, free=192073Kb
 total_blobs=11952, nmethods=11244, adapters=606, full_count=0
Compilation: enabled, stopped_count=0, restarted_count=0

Compilation events (20 events):
Event: 5.013 Thread 0x000001326b241650 12564       3       org.jetbrains.kotlin.fir.analysis.collectors.AbstractDiagnosticCollectorVisitor::addSuppressedDiagnosticsToContext (64 bytes)
Event: 5.013 Thread 0x000001326b241650 nmethod 12564 0x0000013255c77710 code [0x0000013255c779a0, 0x0000013255c78498]
Event: 5.013 Thread 0x000001327148aff0 nmethod 12451 0x000001325b6fff10 code [0x000001325b700560, 0x000001325b703b00]
Event: 5.014 Thread 0x000001326b241650 12565       3       org.jetbrains.kotlin.fir.resolve.dfa.cfg.ClassExitNode::getSubGraphs (17 bytes)
Event: 5.014 Thread 0x000001326b241650 nmethod 12565 0x0000013255c78810 code [0x0000013255c78aa0, 0x0000013255c79480]
Event: 5.015 Thread 0x000001326b3cfd70 12566       4       org.jetbrains.kotlin.fir.ClassMembersKt::getContainingClassLookupTag (76 bytes)
Event: 5.016 Thread 0x000001327148a940 12567       4       org.jetbrains.kotlin.fir.analysis.jvm.checkers.expression.FirJvmMissingBuiltInDeclarationChecker::check (171 bytes)
Event: 5.017 Thread 0x000001326b183210 12568       4       org.jetbrains.kotlin.utils.SmartSet::iterator (97 bytes)
Event: 5.017 Thread 0x000001326b3cfd70 nmethod 12566 0x000001325b706610 code [0x000001325b706800, 0x000001325b706d10]
Event: 5.018 Thread 0x000001326b183210 nmethod 12568 0x000001325b707190 code [0x000001325b707340, 0x000001325b7074f8]
Event: 5.018 Thread 0x000001326b3cfd70 12569       4       org.jetbrains.kotlin.fir.FirVisibilityChecker::isSpecificDeclarationVisible (286 bytes)
Event: 5.019 Thread 0x000001326b183210 12570       4       org.jetbrains.kotlin.config.JvmAnalysisFlags::getSuppressMissingBuiltinsError (15 bytes)
Event: 5.019 Thread 0x000001326b64b210 12571       3       org.jetbrains.kotlin.fir.analysis.checkers.declaration.FirExposedVisibilityDeclarationChecker::checkParameterBounds (241 bytes)
Event: 5.019 Thread 0x000001326b183210 nmethod 12570 0x000001325b707690 code [0x000001325b707820, 0x000001325b7078c8]
Event: 5.019 Thread 0x000001326b19a8e0 12572       3       org.jetbrains.kotlin.fir.analysis.checkers.declaration.FirImportsChecker::checkCanBeImported (627 bytes)
Event: 5.020 Thread 0x000001326b241650 12574       3       org.jetbrains.kotlin.fir.analysis.checkers.declaration.FirImportsChecker::resolvesToClass (134 bytes)
Event: 5.020 Thread 0x000001326b98d170 12573       3       org.jetbrains.kotlin.fir.analysis.checkers.declaration.FirImportsChecker::checkOperatorRename (244 bytes)
Event: 5.020 Thread 0x000001326b64b210 nmethod 12571 0x0000013255c79890 code [0x0000013255c79e00, 0x0000013255c7c7f0]
Event: 5.020 Thread 0x000001326b64b210 12575       3       org.jetbrains.kotlin.fir.declarations.FirFile::accept (13 bytes)
Event: 5.020 Thread 0x000001326b64b210 nmethod 12575 0x0000013255c7d710 code [0x0000013255c7d940, 0x0000013255c7dfe8]

GC Heap History (20 events):
Event: 2.027 GC heap before
{Heap before GC invocations=11 (full 0):
 garbage-first heap   total 98304K, used 73689K [0x0000000705000000, 0x0000000800000000)
  region size 2048K, 21 young (43008K), 4 survivors (8192K)
 Metaspace       used 55224K, committed 55552K, reserved 1114112K
  class space    used 6433K, committed 6592K, reserved 1048576K
}
Event: 2.036 GC heap after
{Heap after GC invocations=12 (full 0):
 garbage-first heap   total 98304K, used 50923K [0x0000000705000000, 0x0000000800000000)
  region size 2048K, 3 young (6144K), 3 survivors (6144K)
 Metaspace       used 55224K, committed 55552K, reserved 1114112K
  class space    used 6433K, committed 6592K, reserved 1048576K
}
Event: 2.145 GC heap before
{Heap before GC invocations=12 (full 0):
 garbage-first heap   total 98304K, used 77547K [0x0000000705000000, 0x0000000800000000)
  region size 2048K, 16 young (32768K), 3 survivors (6144K)
 Metaspace       used 55594K, committed 55872K, reserved 1114112K
  class space    used 6454K, committed 6592K, reserved 1048576K
}
Event: 2.151 GC heap after
{Heap after GC invocations=13 (full 0):
 garbage-first heap   total 124928K, used 58325K [0x0000000705000000, 0x0000000800000000)
  region size 2048K, 2 young (4096K), 2 survivors (4096K)
 Metaspace       used 55594K, committed 55872K, reserved 1114112K
  class space    used 6454K, committed 6592K, reserved 1048576K
}
Event: 2.575 GC heap before
{Heap before GC invocations=14 (full 0):
 garbage-first heap   total 124928K, used 97237K [0x0000000705000000, 0x0000000800000000)
  region size 2048K, 21 young (43008K), 2 survivors (4096K)
 Metaspace       used 60891K, committed 61184K, reserved 1114112K
  class space    used 7026K, committed 7168K, reserved 1048576K
}
Event: 2.583 GC heap after
{Heap after GC invocations=15 (full 0):
 garbage-first heap   total 124928K, used 65536K [0x0000000705000000, 0x0000000800000000)
  region size 2048K, 3 young (6144K), 3 survivors (6144K)
 Metaspace       used 60891K, committed 61184K, reserved 1114112K
  class space    used 7026K, committed 7168K, reserved 1048576K
}
Event: 2.875 GC heap before
{Heap before GC invocations=15 (full 0):
 garbage-first heap   total 124928K, used 100352K [0x0000000705000000, 0x0000000800000000)
  region size 2048K, 20 young (40960K), 3 survivors (6144K)
 Metaspace       used 62453K, committed 62720K, reserved 1114112K
  class space    used 7170K, committed 7296K, reserved 1048576K
}
Event: 2.886 GC heap after
{Heap after GC invocations=16 (full 0):
 garbage-first heap   total 124928K, used 71680K [0x0000000705000000, 0x0000000800000000)
  region size 2048K, 3 young (6144K), 3 survivors (6144K)
 Metaspace       used 62453K, committed 62720K, reserved 1114112K
  class space    used 7170K, committed 7296K, reserved 1048576K
}
Event: 3.178 GC heap before
{Heap before GC invocations=16 (full 0):
 garbage-first heap   total 124928K, used 104448K [0x0000000705000000, 0x0000000800000000)
  region size 2048K, 19 young (38912K), 3 survivors (6144K)
 Metaspace       used 63339K, committed 63680K, reserved 1114112K
  class space    used 7229K, committed 7360K, reserved 1048576K
}
Event: 3.186 GC heap after
{Heap after GC invocations=17 (full 0):
 garbage-first heap   total 124928K, used 78518K [0x0000000705000000, 0x0000000800000000)
  region size 2048K, 3 young (6144K), 3 survivors (6144K)
 Metaspace       used 63339K, committed 63680K, reserved 1114112K
  class space    used 7229K, committed 7360K, reserved 1048576K
}
Event: 3.468 GC heap before
{Heap before GC invocations=18 (full 0):
 garbage-first heap   total 133120K, used 107190K [0x0000000705000000, 0x0000000800000000)
  region size 2048K, 17 young (34816K), 3 survivors (6144K)
 Metaspace       used 64005K, committed 64320K, reserved 1114112K
  class space    used 7274K, committed 7424K, reserved 1048576K
}
Event: 3.473 GC heap after
{Heap after GC invocations=19 (full 0):
 garbage-first heap   total 133120K, used 82691K [0x0000000705000000, 0x0000000800000000)
  region size 2048K, 2 young (4096K), 2 survivors (4096K)
 Metaspace       used 64005K, committed 64320K, reserved 1114112K
  class space    used 7274K, committed 7424K, reserved 1048576K
}
Event: 3.737 GC heap before
{Heap before GC invocations=19 (full 0):
 garbage-first heap   total 133120K, used 115459K [0x0000000705000000, 0x0000000800000000)
  region size 2048K, 18 young (36864K), 2 survivors (4096K)
 Metaspace       used 64411K, committed 64704K, reserved 1114112K
  class space    used 7297K, committed 7424K, reserved 1048576K
}
Event: 3.741 GC heap after
{Heap after GC invocations=20 (full 0):
 garbage-first heap   total 133120K, used 85770K [0x0000000705000000, 0x0000000800000000)
  region size 2048K, 2 young (4096K), 2 survivors (4096K)
 Metaspace       used 64411K, committed 64704K, reserved 1114112K
  class space    used 7297K, committed 7424K, reserved 1048576K
}
Event: 3.988 GC heap before
{Heap before GC invocations=20 (full 0):
 garbage-first heap   total 133120K, used 116490K [0x0000000705000000, 0x0000000800000000)
  region size 2048K, 17 young (34816K), 2 survivors (4096K)
 Metaspace       used 64616K, committed 64960K, reserved 1114112K
  class space    used 7302K, committed 7488K, reserved 1048576K
}
Event: 3.992 GC heap after
{Heap after GC invocations=21 (full 0):
 garbage-first heap   total 159744K, used 88625K [0x0000000705000000, 0x0000000800000000)
  region size 2048K, 2 young (4096K), 2 survivors (4096K)
 Metaspace       used 64616K, committed 64960K, reserved 1114112K
  class space    used 7302K, committed 7488K, reserved 1048576K
}
Event: 4.328 GC heap before
{Heap before GC invocations=22 (full 0):
 garbage-first heap   total 159744K, used 135729K [0x0000000705000000, 0x0000000800000000)
  region size 2048K, 25 young (51200K), 2 survivors (4096K)
 Metaspace       used 65802K, committed 66176K, reserved 1114112K
  class space    used 7369K, committed 7552K, reserved 1048576K
}
Event: 4.333 GC heap after
{Heap after GC invocations=23 (full 0):
 garbage-first heap   total 159744K, used 94066K [0x0000000705000000, 0x0000000800000000)
  region size 2048K, 4 young (8192K), 4 survivors (8192K)
 Metaspace       used 65802K, committed 66176K, reserved 1114112K
  class space    used 7369K, committed 7552K, reserved 1048576K
}
Event: 4.928 GC heap before
{Heap before GC invocations=23 (full 0):
 garbage-first heap   total 159744K, used 141170K [0x0000000705000000, 0x0000000800000000)
  region size 2048K, 27 young (55296K), 4 survivors (8192K)
 Metaspace       used 69611K, committed 69888K, reserved 1114112K
  class space    used 7687K, committed 7808K, reserved 1048576K
}
Event: 4.936 GC heap after
{Heap after GC invocations=24 (full 0):
 garbage-first heap   total 159744K, used 98474K [0x0000000705000000, 0x0000000800000000)
  region size 2048K, 3 young (6144K), 3 survivors (6144K)
 Metaspace       used 69611K, committed 69888K, reserved 1114112K
  class space    used 7687K, committed 7808K, reserved 1048576K
}

Dll operation events (3 events):
Event: 0.002 Loaded shared library C:\Program Files\Android\Android Studio\jbr\bin\java.dll
Event: 0.005 Loaded shared library C:\Program Files\Android\Android Studio\jbr\bin\zip.dll
Event: 0.563 Loaded shared library C:\Program Files\Android\Android Studio\jbr\bin\verify.dll

Deoptimization events (20 events):
Event: 5.008 Thread 0x000001324ddcfa00 Uncommon trap: trap_request=0xffffffde fr.pc=0x000001325b504a60 relative=0x00000000000057e0
Event: 5.008 Thread 0x000001324ddcfa00 Uncommon trap: reason=class_check action=maybe_recompile pc=0x000001325b504a60 method=org.jetbrains.kotlin.fir.types.ConeTypeContext.parametersCount(Lorg/jetbrains/kotlin/types/model/TypeConstructorMarker;)I @ 7 c2
Event: 5.008 Thread 0x000001324ddcfa00 DEOPT PACKING pc=0x000001325b504a60 sp=0x00000011366fc090
Event: 5.008 Thread 0x000001324ddcfa00 DEOPT UNPACKING pc=0x000001325a804422 sp=0x00000011366fbf90 mode 2
Event: 5.008 Thread 0x000001324ddcfa00 Uncommon trap: trap_request=0xffffffde fr.pc=0x000001325b6090e0 relative=0x0000000000000120
Event: 5.008 Thread 0x000001324ddcfa00 Uncommon trap: reason=class_check action=maybe_recompile pc=0x000001325b6090e0 method=org.jetbrains.kotlin.fir.types.ConeTypeUtilsKt.getClassLikeLookupTagIfAny(Lorg/jetbrains/kotlin/fir/types/ConeKotlinType;)Lorg/jetbrains/kotlin/fir/types/ConeClassLikeLo
Event: 5.008 Thread 0x000001324ddcfa00 DEOPT PACKING pc=0x000001325b6090e0 sp=0x00000011366fbe00
Event: 5.008 Thread 0x000001324ddcfa00 DEOPT UNPACKING pc=0x000001325a804422 sp=0x00000011366fbd90 mode 2
Event: 5.014 Thread 0x000001324ddcfa00 Uncommon trap: trap_request=0xffffffde fr.pc=0x000001325b702c78 relative=0x0000000000002718
Event: 5.014 Thread 0x000001324ddcfa00 Uncommon trap: reason=class_check action=maybe_recompile pc=0x000001325b702c78 method=org.jetbrains.kotlin.fir.analysis.checkers.expression.FirOptInUsageAccessChecker.check(Lorg/jetbrains/kotlin/fir/analysis/checkers/context/CheckerContext;Lorg/jetbrains/
Event: 5.014 Thread 0x000001324ddcfa00 DEOPT PACKING pc=0x000001325b702c78 sp=0x00000011366fd300
Event: 5.014 Thread 0x000001324ddcfa00 DEOPT UNPACKING pc=0x000001325a804422 sp=0x00000011366fd308 mode 2
Event: 5.015 Thread 0x000001324ddcfa00 Uncommon trap: trap_request=0xffffff5c fr.pc=0x000001325b6f580c relative=0x000000000000272c
Event: 5.015 Thread 0x000001324ddcfa00 Uncommon trap: reason=speculate_null_check action=make_not_entrant pc=0x000001325b6f580c method=org.jetbrains.kotlin.fir.analysis.jvm.checkers.expression.FirJvmMissingBuiltInDeclarationChecker.check$reportIfNeeded(Lorg/jetbrains/kotlin/fir/analysis/checke
Event: 5.015 Thread 0x000001324ddcfa00 DEOPT PACKING pc=0x000001325b6f580c sp=0x00000011366fc1e0
Event: 5.015 Thread 0x000001324ddcfa00 DEOPT UNPACKING pc=0x000001325a804422 sp=0x00000011366fc148 mode 2
Event: 5.020 Thread 0x000001324ddcfa00 Uncommon trap: trap_request=0xffffffde fr.pc=0x000001325b702c78 relative=0x0000000000002718
Event: 5.020 Thread 0x000001324ddcfa00 Uncommon trap: reason=class_check action=maybe_recompile pc=0x000001325b702c78 method=org.jetbrains.kotlin.fir.analysis.checkers.expression.FirOptInUsageAccessChecker.check(Lorg/jetbrains/kotlin/fir/analysis/checkers/context/CheckerContext;Lorg/jetbrains/
Event: 5.020 Thread 0x000001324ddcfa00 DEOPT PACKING pc=0x000001325b702c78 sp=0x00000011366fcf40
Event: 5.020 Thread 0x000001324ddcfa00 DEOPT UNPACKING pc=0x000001325a804422 sp=0x00000011366fcf48 mode 2

Classes loaded (20 events):
Event: 2.021 Loading class java/util/EnumMap$EntryIterator
Event: 2.021 Loading class java/util/EnumMap$EnumMapIterator
Event: 2.021 Loading class java/util/EnumMap$EnumMapIterator done
Event: 2.021 Loading class java/util/EnumMap$EntryIterator done
Event: 2.021 Loading class java/util/EnumMap$EntryIterator$Entry
Event: 2.021 Loading class java/util/EnumMap$EntryIterator$Entry done
Event: 2.317 Loading class java/util/AbstractList$RandomAccessSubList
Event: 2.317 Loading class java/util/AbstractList$RandomAccessSubList done
Event: 3.568 Loading class java/lang/Byte$ByteCache
Event: 3.568 Loading class java/lang/Byte$ByteCache done
Event: 4.372 Loading class java/text/MessageFormat
Event: 4.373 Loading class java/text/Format
Event: 4.373 Loading class java/text/Format done
Event: 4.373 Loading class java/text/MessageFormat done
Event: 4.373 Loading class java/util/Locale$Category
Event: 4.373 Loading class java/util/Locale$Category done
Event: 4.394 Loading class java/text/ChoiceFormat
Event: 4.394 Loading class java/text/NumberFormat
Event: 4.394 Loading class java/text/NumberFormat done
Event: 4.394 Loading class java/text/ChoiceFormat done

Classes unloaded (0 events):
No events

Classes redefined (0 events):
No events

Internal exceptions (20 events):
Event: 2.254 Thread 0x000001324ddcfa00 Exception <a 'java/lang/NoSuchMethodError'{0x000000070c10b0b8}: 'java.lang.Object java.lang.invoke.Invokers$Holder.linkToTargetMethod(java.lang.Object, java.lang.Object, java.lang.Object, int, java.lang.Object, java.lang.Object, java.lang.Object)'> (0x000000070c10b0b8) 
thrown [s\src\hotspot\share\interpreter\linkResolver.cpp, line 784]
Event: 2.388 Thread 0x000001324ddcfa00 Exception <a 'java/lang/NoSuchMethodError'{0x000000070b24f438}: 'java.lang.Object java.lang.invoke.DirectMethodHandle$Holder.invokeSpecial(java.lang.Object, java.lang.Object, int, java.lang.Object, java.lang.Object)'> (0x000000070b24f438) 
thrown [s\src\hotspot\share\interpreter\linkResolver.cpp, line 784]
Event: 2.706 Thread 0x000001324ddcfa00 Exception <a 'java/lang/NoSuchMethodError'{0x000000070c1468f8}: 'java.lang.Object java.lang.invoke.DirectMethodHandle$Holder.newInvokeSpecial(java.lang.Object, java.lang.Object, java.lang.Object, java.lang.Object, java.lang.Object, java.lang.Object, java.lang.Object, java.lang.Object, java.lang.Object)'> (0x000000070c1468f8) 
thrown [s\src\hotspot\share\interpreter\linkResolver.cpp, line 784]
Event: 2.711 Thread 0x000001324ddcfa00 Exception <a 'java/lang/NoSuchMethodError'{0x000000070c1ab768}: 'java.lang.Object java.lang.invoke.DirectMethodHandle$Holder.invokeStatic(java.lang.Object, int, java.lang.Object, java.lang.Object)'> (0x000000070c1ab768) 
thrown [s\src\hotspot\share\interpreter\linkResolver.cpp, line 784]
Event: 2.767 Thread 0x000001324ddcfa00 Exception <a 'java/lang/NoSuchMethodError'{0x000000070b97fae8}: 'java.lang.Object java.lang.invoke.DirectMethodHandle$Holder.invokeStatic(java.lang.Object, java.lang.Object, java.lang.Object, int, java.lang.Object, java.lang.Object)'> (0x000000070b97fae8) 
thrown [s\src\hotspot\share\interpreter\linkResolver.cpp, line 784]
Event: 2.830 Thread 0x000001324ddcfa00 Exception <a 'java/lang/NoSuchMethodError'{0x000000070b04b638}: 'java.lang.Object java.lang.invoke.DirectMethodHandle$Holder.newInvokeSpecial(java.lang.Object, java.lang.Object, java.lang.Object, java.lang.Object, java.lang.Object, int)'> (0x000000070b04b638) 
thrown [s\src\hotspot\share\interpreter\linkResolver.cpp, line 784]
Event: 2.830 Thread 0x000001324ddcfa00 Exception <a 'java/lang/NoSuchMethodError'{0x000000070b050020}: 'java.lang.Object java.lang.invoke.DirectMethodHandle$Holder.invokeSpecial(java.lang.Object, java.lang.Object, java.lang.Object, java.lang.Object, java.lang.Object, java.lang.Object, int)'> (0x000000070b050020) 
thrown [s\src\hotspot\share\interpreter\linkResolver.cpp, line 784]
Event: 2.830 Thread 0x000001324ddcfa00 Exception <a 'java/lang/NoSuchMethodError'{0x000000070b0543b8}: 'java.lang.Object java.lang.invoke.Invokers$Holder.linkToTargetMethod(java.lang.Object, java.lang.Object, java.lang.Object, java.lang.Object, int, java.lang.Object)'> (0x000000070b0543b8) 
thrown [s\src\hotspot\share\interpreter\linkResolver.cpp, line 784]
Event: 3.061 Thread 0x000001324ddcfa00 Exception <a 'java/lang/NoSuchMethodError'{0x000000070b19ea10}: 'java.lang.Object java.lang.invoke.DirectMethodHandle$Holder.newInvokeSpecial(java.lang.Object, int, java.lang.Object, java.lang.Object, java.lang.Object)'> (0x000000070b19ea10) 
thrown [s\src\hotspot\share\interpreter\linkResolver.cpp, line 784]
Event: 3.062 Thread 0x000001324ddcfa00 Exception <a 'java/lang/NoSuchMethodError'{0x000000070b1a6b40}: 'java.lang.Object java.lang.invoke.Invokers$Holder.linkToTargetMethod(int, java.lang.Object, java.lang.Object, java.lang.Object, java.lang.Object)'> (0x000000070b1a6b40) 
thrown [s\src\hotspot\share\interpreter\linkResolver.cpp, line 784]
Event: 4.411 Thread 0x000001324ddcfa00 Exception <a 'java/lang/NoSuchMethodError'{0x000000070e493b10}: 'java.lang.Object java.lang.invoke.DirectMethodHandle$Holder.invokeStatic(java.lang.Object, int, int, java.lang.Object)'> (0x000000070e493b10) 
thrown [s\src\hotspot\share\interpreter\linkResolver.cpp, line 784]
Event: 4.411 Thread 0x000001324ddcfa00 Exception <a 'java/lang/NoSuchMethodError'{0x000000070e497188}: 'java.lang.Object java.lang.invoke.DirectMethodHandle$Holder.invokeStaticInit(java.lang.Object, int, int, java.lang.Object)'> (0x000000070e497188) 
thrown [s\src\hotspot\share\interpreter\linkResolver.cpp, line 784]
Event: 4.629 Thread 0x000001324ddcfa00 Implicit null exception at 0x000001325b6224da to 0x000001325b622500
Event: 4.726 Thread 0x000001324ddcfa00 Implicit null exception at 0x000001325b32cf63 to 0x000001325b32d14c
Event: 4.738 Thread 0x000001324ddcfa00 Implicit null exception at 0x000001325b646709 to 0x000001325b6475e4
Event: 4.991 Thread 0x000001324ddcfa00 Implicit null exception at 0x000001325b6c894e to 0x000001325b6cbd30
Event: 4.994 Thread 0x000001324ddcfa00 Implicit null exception at 0x000001325b6d1c4c to 0x000001325b6d5e00
Event: 4.997 Thread 0x000001324ddcfa00 Implicit null exception at 0x000001325b6aae8a to 0x000001325b6ab790
Event: 5.006 Thread 0x000001324ddcfa00 Exception <a 'java/lang/NoSuchMethodError'{0x000000070e5aec28}: 'java.lang.Object java.lang.invoke.DirectMethodHandle$Holder.invokeStatic(java.lang.Object, java.lang.Object, java.lang.Object, java.lang.Object, java.lang.Object, int)'> (0x000000070e5aec28) 
thrown [s\src\hotspot\share\interpreter\linkResolver.cpp, line 784]
Event: 5.015 Thread 0x000001324ddcfa00 Implicit null exception at 0x000001325b6f3f35 to 0x000001325b6f57fc

ZGC Phase Switch (0 events):
No events

VM Operations (20 events):
Event: 4.477 Executing VM operation: ICBufferFull
Event: 4.477 Executing VM operation: ICBufferFull done
Event: 4.556 Executing VM operation: ICBufferFull
Event: 4.556 Executing VM operation: ICBufferFull done
Event: 4.608 Executing VM operation: ICBufferFull
Event: 4.608 Executing VM operation: ICBufferFull done
Event: 4.647 Executing VM operation: HandshakeAllThreads (Deoptimize)
Event: 4.647 Executing VM operation: HandshakeAllThreads (Deoptimize) done
Event: 4.648 Executing VM operation: ICBufferFull
Event: 4.648 Executing VM operation: ICBufferFull done
Event: 4.696 Executing VM operation: ICBufferFull
Event: 4.697 Executing VM operation: ICBufferFull done
Event: 4.779 Executing VM operation: ICBufferFull
Event: 4.779 Executing VM operation: ICBufferFull done
Event: 4.868 Executing VM operation: ICBufferFull
Event: 4.868 Executing VM operation: ICBufferFull done
Event: 4.928 Executing VM operation: G1CollectForAllocation (G1 Evacuation Pause)
Event: 4.936 Executing VM operation: G1CollectForAllocation (G1 Evacuation Pause) done
Event: 5.007 Executing VM operation: ICBufferFull
Event: 5.008 Executing VM operation: ICBufferFull done

Memory protections (0 events):
No events

Nmethod flushes (20 events):
Event: 4.022 Thread 0x000001326af79850 flushing  nmethod 0x0000013254382e10
Event: 4.022 Thread 0x000001326af79850 flushing  nmethod 0x0000013254384190
Event: 4.022 Thread 0x000001326af79850 flushing  nmethod 0x0000013254393410
Event: 4.022 Thread 0x000001326af79850 flushing  nmethod 0x00000132543e0b90
Event: 4.022 Thread 0x000001326af79850 flushing  nmethod 0x00000132543e4a90
Event: 4.022 Thread 0x000001326af79850 flushing  nmethod 0x00000132543f4290
Event: 4.022 Thread 0x000001326af79850 flushing  nmethod 0x00000132543fac10
Event: 4.022 Thread 0x000001326af79850 flushing  nmethod 0x0000013254400410
Event: 4.022 Thread 0x000001326af79850 flushing  nmethod 0x0000013254456f90
Event: 4.022 Thread 0x000001326af79850 flushing  nmethod 0x0000013254457b90
Event: 4.022 Thread 0x000001326af79850 flushing  nmethod 0x0000013254458d10
Event: 4.022 Thread 0x000001326af79850 flushing  nmethod 0x00000132544a3190
Event: 4.022 Thread 0x000001326af79850 flushing  nmethod 0x00000132544a3f90
Event: 4.022 Thread 0x000001326af79850 flushing  nmethod 0x00000132544a8490
Event: 4.022 Thread 0x000001326af79850 flushing  nmethod 0x00000132544c5190
Event: 4.022 Thread 0x000001326af79850 flushing  nmethod 0x000001325450e790
Event: 4.022 Thread 0x000001326af79850 flushing  nmethod 0x000001325460e190
Event: 4.022 Thread 0x000001326af79850 flushing  nmethod 0x0000013254610890
Event: 4.022 Thread 0x000001326af79850 flushing  nmethod 0x00000132546a0210
Event: 4.022 Thread 0x000001326af79850 flushing  nmethod 0x0000013254b34b10

Events (20 events):
Event: 0.051 Loaded shared library C:\Program Files\Android\Android Studio\jbr\bin\net.dll
Event: 0.052 Loaded shared library C:\Program Files\Android\Android Studio\jbr\bin\nio.dll
Event: 0.059 Thread 0x000001326b183210 Thread added: 0x000001326b3cfd70
Event: 0.059 Thread 0x000001326b183210 Thread added: 0x000001326b3d0830
Event: 0.064 Loaded shared library C:\Program Files\Android\Android Studio\jbr\bin\zip.dll
Event: 0.090 Loaded shared library C:\Program Files\Android\Android Studio\jbr\bin\jimage.dll
Event: 0.138 Thread 0x000001326b19a8e0 Thread added: 0x000001326b64b210
Event: 0.202 Loaded shared library C:\Program Files\Android\Android Studio\jbr\bin\management.dll
Event: 0.206 Loaded shared library C:\Program Files\Android\Android Studio\jbr\bin\management_ext.dll
Event: 0.233 Thread 0x000001326b241650 Thread added: 0x000001326b98d170
Event: 0.604 Thread 0x000001326b183210 Thread added: 0x0000013270d1ba40
Event: 1.072 Thread 0x0000013270d1ba40 Thread exited: 0x0000013270d1ba40
Event: 1.081 Thread 0x000001326b3d0830 Thread exited: 0x000001326b3d0830
Event: 1.109 Thread 0x000001326b64b210 Thread added: 0x0000013270dcf370
Event: 1.110 Thread 0x000001326b98d170 Thread added: 0x000001327148a940
Event: 1.111 Thread 0x000001326b241650 Thread added: 0x000001327148aff0
Event: 1.274 Thread 0x000001326b64b210 Thread added: 0x0000013273577360
Event: 1.277 Thread 0x000001326b3cfd70 Thread added: 0x000001327344a1d0
Event: 3.731 Thread 0x000001327344a1d0 Thread exited: 0x000001327344a1d0
Event: 4.411 Thread 0x0000013273577360 Thread exited: 0x0000013273577360


Dynamic libraries:
0x00007ff6799f0000 - 0x00007ff6799fa000 	C:\Program Files\Android\Android Studio\jbr\bin\java.exe
0x00007ffb4ae80000 - 0x00007ffb4b070000 	C:\Windows\SYSTEM32\ntdll.dll
0x00007ffb49d50000 - 0x00007ffb49e02000 	C:\Windows\System32\KERNEL32.DLL
0x00007ffb48110000 - 0x00007ffb483b3000 	C:\Windows\System32\KERNELBASE.dll
0x00007ffb47fb0000 - 0x00007ffb480aa000 	C:\Windows\System32\ucrtbase.dll
0x00007ffaf4780000 - 0x00007ffaf479b000 	C:\Program Files\Android\Android Studio\jbr\bin\VCRUNTIME140.dll
0x00007ffb415f0000 - 0x00007ffb41608000 	C:\Program Files\Android\Android Studio\jbr\bin\jli.dll
0x00007ffb49bb0000 - 0x00007ffb49d44000 	C:\Windows\System32\USER32.dll
0x00007ffb30bb0000 - 0x00007ffb30e35000 	C:\Windows\WinSxS\amd64_microsoft.windows.common-controls_6595b64144ccf1df_6.0.18362.418_none_e6c6b287130d565d\COMCTL32.dll
0x00007ffb48db0000 - 0x00007ffb48dd1000 	C:\Windows\System32\win32u.dll
0x00007ffb4a300000 - 0x00007ffb4a39e000 	C:\Windows\System32\msvcrt.dll
0x00007ffb49f40000 - 0x00007ffb49f66000 	C:\Windows\System32\GDI32.dll
0x00007ffb4aa00000 - 0x00007ffb4ad36000 	C:\Windows\System32\combase.dll
0x00007ffb49860000 - 0x00007ffb49980000 	C:\Windows\System32\RPCRT4.dll
0x00007ffb48c10000 - 0x00007ffb48da4000 	C:\Windows\System32\gdi32full.dll
0x00007ffb483c0000 - 0x00007ffb48440000 	C:\Windows\System32\bcryptPrimitives.dll
0x00007ffb48de0000 - 0x00007ffb48e7e000 	C:\Windows\System32\msvcp_win.dll
0x00007ffb49e20000 - 0x00007ffb49e4e000 	C:\Windows\System32\IMM32.DLL
0x00007ffb2ee30000 - 0x00007ffb2ee3c000 	C:\Program Files\Android\Android Studio\jbr\bin\vcruntime140_1.dll
0x00007ffb1f630000 - 0x00007ffb1f6bd000 	C:\Program Files\Android\Android Studio\jbr\bin\msvcp140.dll
0x00007ffaeb3e0000 - 0x00007ffaec076000 	C:\Program Files\Android\Android Studio\jbr\bin\server\jvm.dll
0x00007ffb4a3a0000 - 0x00007ffb4a443000 	C:\Windows\System32\ADVAPI32.dll
0x00007ffb4ad40000 - 0x00007ffb4add7000 	C:\Windows\System32\sechost.dll
0x00007ffb47d60000 - 0x00007ffb47daa000 	C:\Windows\System32\POWRPROF.dll
0x00007ffb47d50000 - 0x00007ffb47d60000 	C:\Windows\System32\UMPDC.dll
0x00007ffb49e50000 - 0x00007ffb49ebf000 	C:\Windows\System32\WS2_32.dll
0x00007ffb43620000 - 0x00007ffb4362a000 	C:\Windows\SYSTEM32\VERSION.dll
0x00007ffb45ed0000 - 0x00007ffb45ef4000 	C:\Windows\SYSTEM32\WINMM.dll
0x00007ffb45e20000 - 0x00007ffb45e4d000 	C:\Windows\SYSTEM32\winmmbase.dll
0x00007ffb47e10000 - 0x00007ffb47e5a000 	C:\Windows\System32\cfgmgr32.dll
0x00007ffb47df0000 - 0x00007ffb47e01000 	C:\Windows\System32\kernel.appcore.dll
0x00007ffb28310000 - 0x00007ffb2831a000 	C:\Program Files\Android\Android Studio\jbr\bin\jimage.dll
0x00007ffb32a60000 - 0x00007ffb32c54000 	C:\Windows\SYSTEM32\DBGHELP.DLL
0x00007ffb323d0000 - 0x00007ffb323fa000 	C:\Windows\SYSTEM32\dbgcore.DLL
0x00007ffaeb3c0000 - 0x00007ffaeb3e0000 	C:\Program Files\Android\Android Studio\jbr\bin\java.dll
0x00007ffaeb3a0000 - 0x00007ffaeb3b8000 	C:\Program Files\Android\Android Studio\jbr\bin\zip.dll
0x00007ffb48fb0000 - 0x00007ffb49695000 	C:\Windows\System32\SHELL32.dll
0x00007ffb4a1a0000 - 0x00007ffb4a249000 	C:\Windows\System32\shcore.dll
0x00007ffb48470000 - 0x00007ffb48bef000 	C:\Windows\System32\windows.storage.dll
0x00007ffb47db0000 - 0x00007ffb47dcf000 	C:\Windows\System32\profapi.dll
0x00007ffb4a450000 - 0x00007ffb4a4a2000 	C:\Windows\System32\shlwapi.dll
0x00007ffb48bf0000 - 0x00007ffb48c07000 	C:\Windows\System32\cryptsp.dll
0x00007ffb21a40000 - 0x00007ffb21a50000 	C:\Program Files\Android\Android Studio\jbr\bin\net.dll
0x00007ffb41d50000 - 0x00007ffb41e40000 	C:\Windows\SYSTEM32\WINHTTP.dll
0x00007ffb475c0000 - 0x00007ffb47627000 	C:\Windows\system32\mswsock.dll
0x00007ffaeb380000 - 0x00007ffaeb396000 	C:\Program Files\Android\Android Studio\jbr\bin\nio.dll
0x00007ffaead80000 - 0x00007ffaead89000 	C:\Program Files\Android\Android Studio\jbr\bin\management.dll
0x00007ffaead70000 - 0x00007ffaead7b000 	C:\Program Files\Android\Android Studio\jbr\bin\management_ext.dll
0x00007ffb49850000 - 0x00007ffb49858000 	C:\Windows\System32\PSAPI.DLL
0x00007ffaead30000 - 0x00007ffaead40000 	C:\Program Files\Android\Android Studio\jbr\bin\verify.dll

JVMTI agents: none

dbghelp: loaded successfully - version: 4.0.5 - missing functions: none
symbol engine: initialized successfully - sym options: 0x614 - pdb path: .;C:\Program Files\Android\Android Studio\jbr\bin;C:\Windows\SYSTEM32;C:\Windows\WinSxS\amd64_microsoft.windows.common-controls_6595b64144ccf1df_6.0.18362.418_none_e6c6b287130d565d;C:\Program Files\Android\Android Studio\jbr\bin\server

VM Arguments:
java_command: org.jetbrains.kotlin.cli.jvm.K2JVMCompiler @D:\Ganesh\work\EV-Project\android\app\build\20260214_5772171486937471334.compiler.options
java_class_path (initial): C:\Users\SEPLe\.gradle\caches\modules-2\files-2.1\org.jetbrains.kotlin\kotlin-compiler-embeddable\2.2.10\6882d39ef03b18879c1a5d2a83c2212361bed5fe\kotlin-compiler-embeddable-2.2.10.jar;C:\Users\SEPLe\.gradle\caches\modules-2\files-2.1\org.jetbrains.kotlin\kotlin-stdlib\2.2.10\30de6faa127a4a012db8e71bf1b9c0a99b1402b2\kotlin-stdlib-2.2.10.jar;C:\Users\SEPLe\.gradle\caches\modules-2\files-2.1\org.jetbrains.kotlin\kotlin-script-runtime\2.2.10\712f9bc08f378c13a4a00f0bbb28c76e59183e83\kotlin-script-runtime-2.2.10.jar;C:\Users\SEPLe\.gradle\caches\modules-2\files-2.1\org.jetbrains.kotlin\kotlin-reflect\1.6.10\1cbe9c92c12a94eea200d23c2bbaedaf3daf5132\kotlin-reflect-1.6.10.jar;C:\Users\SEPLe\.gradle\caches\modules-2\files-2.1\org.jetbrains.kotlin\kotlin-daemon-embeddable\2.2.10\212fd3c2c6e4e5d0f4db3c4191233e2b622380cc\kotlin-daemon-embeddable-2.2.10.jar;C:\Users\SEPLe\.gradle\caches\modules-2\files-2.1\org.jetbrains.kotlinx\kotlinx-coroutines-core-jvm\1.8.0\ac1dc37a30a93150b704022f8d895ee1bd3a36b3\kotlinx-coroutines-core-jvm-1.8.0.jar;C:\Users\SEPLe\.gradle\caches\modules-2\files-2.1\org.jetbrains\annotations\13.0\919f0dfe192fb4e063e7dacadee7f8bb9a2672a9\annotations-13.0.jar
Launcher Type: SUN_STANDARD

[Global flags]
     intx CICompilerCount                          = 12                                        {product} {ergonomic}
     uint ConcGCThreads                            = 4                                         {product} {ergonomic}
     uint G1ConcRefinementThreads                  = 15                                        {product} {ergonomic}
   size_t G1HeapRegionSize                         = 2097152                                   {product} {ergonomic}
    uintx GCDrainStackTargetSize                   = 64                                        {product} {ergonomic}
   size_t InitialHeapSize                          = 264241152                                 {product} {ergonomic}
   size_t MarkStackSize                            = 4194304                                   {product} {ergonomic}
   size_t MaxHeapSize                              = 4211081216                                {product} {ergonomic}
   size_t MaxNewSize                               = 2524971008                                {product} {ergonomic}
   size_t MinHeapDeltaBytes                        = 2097152                                   {product} {ergonomic}
   size_t MinHeapSize                              = 8388608                                   {product} {ergonomic}
    uintx NonNMethodCodeHeapSize                   = 7602480                                {pd product} {ergonomic}
    uintx NonProfiledCodeHeapSize                  = 122027880                              {pd product} {ergonomic}
    uintx ProfiledCodeHeapSize                     = 122027880                              {pd product} {ergonomic}
    uintx ReservedCodeCacheSize                    = 251658240                              {pd product} {ergonomic}
     bool SegmentedCodeCache                       = true                                      {product} {ergonomic}
   size_t SoftMaxHeapSize                          = 4211081216                             {manageable} {ergonomic}
     bool UseCompressedOops                        = true                           {product lp64_product} {ergonomic}
     bool UseG1GC                                  = true                                      {product} {ergonomic}
     bool UseLargePagesIndividualAllocation        = false                                  {pd product} {ergonomic}

Logging:
Log output configuration:
 #0: stdout all=warning uptime,level,tags foldmultilines=false
 #1: stderr all=off uptime,level,tags foldmultilines=false

Release file:
JAVA_VERSION="21.0.9" 
MODULES="java.base java.compiler java.datatransfer java.xml java.prefs java.desktop java.instrument java.logging java.management java.security.sasl java.naming java.rmi java.management.rmi java.net.http java.scripting java.security.jgss java.transaction.xa java.sql java.sql.rowset java.xml.crypto java.se java.smartcardio jdk.accessibility jdk.internal.jvmstat jdk.attach jdk.charsets jdk.internal.opt jdk.zipfs jdk.compiler jdk.crypto.ec jdk.crypto.cryptoki jdk.dynalink jdk.hotspot.agent jdk.httpserver jdk.internal.ed jdk.internal.le jdk.internal.vm.ci jdk.jartool jdk.javadoc jdk.jcmd jdk.jdeps jdk.jdwp.agent jdk.jdi jdk.jfr jdk.jlink jdk.jsobject jdk.localedata jdk.management jdk.management.agent jdk.management.jfr jdk.naming.dns jdk.naming.rmi jdk.net jdk.sctp jdk.security.auth jdk.security.jgss jdk.unsupported jdk.unsupported.desktop jdk.xml.dom" 
IMPLEMENTOR="JetBrains s.r.o." 
JAVA_RUNTIME_VERSION="21.0.9+-14649483-b1163.86" 
LIBC="default" 
OS_ARCH="x86_64" 
OS_NAME="Windows" 
SOURCE=".:git:554d0c326095" 

Environment Variables:
JAVA_HOME=C:\Program Files\Android\Android Studio\jbr
PATH=C:\Python314\Scripts\;C:\Python314\;C:\Program Files\Common Files\Oracle\Java\javapath;C:\Windows\system32;C:\Windows;C:\Windows\System32\Wbem;C:\Windows\System32\WindowsPowerShell\v1.0\;C:\Windows\System32\OpenSSH\;C:\Program Files\Java\jdk-21\bin;C:\Program Files\Git\cmd;C:\Program Files\nodejs\;C:\ProgramData\chocolatey\bin;C:\tools\dart-sdk\bin;C:\tools\flutter\bin;C:\Program Files\MySQL\MySQL Server 8.0\bin;C:\Users\SEPLe\AppData\Local\Microsoft\WindowsApps;C:\Program Files\JetBrains\IntelliJ IDEA 2025.3.2\bin;C:\Users\SEPLe\AppData\Roaming\npm;C:\Users\SEPLe\AppData\Local\Pub\Cache\bin;C:\Users\SEPLe\AppData\Local\Programs\Antigravity\bin;c:\Users\SEPLe\.antigravity\extensions\vscjava.vscode-java-debug-0.58.5-universal\bundled\scripts\noConfigScripts
USERNAME=SEPLe
LANG=en_US.UTF-8
OS=Windows_NT
PROCESSOR_IDENTIFIER=Intel64 Family 6 Model 151 Stepping 2, GenuineIntel
TMP=C:\Users\SEPLe\AppData\Local\Temp
TEMP=C:\Users\SEPLe\AppData\Local\Temp




Periodic native trim disabled

JNI global refs:
JNI global refs: 22, weak refs: 0

JNI global refs memory usage: 835, weak refs: 833

Process memory usage:
Resident Set Size: 449452K (2% of 16444340K total physical memory with 1086784K free physical memory)

OOME stack traces (most recent first):
Classloader memory used:
Loader jdk.internal.loader.ClassLoaders$AppClassLoader                                 : 57731K
Loader bootstrap                                                                       : 11716K
Loader java.net.URLClassLoader                                                         : 343K

---------------  S Y S T E M  ---------------

OS:
 Windows 10 , 64 bit Build 18362 (10.0.18362.329)
OS uptime: 0 days 4:11 hours

CPU: total 20 (initial active 20) (10 cores per cpu, 2 threads per core) family 6 model 151 stepping 2 microcode 0x36, cx8, cmov, fxsr, ht, mmx, 3dnowpref, sse, sse2, sse3, ssse3, sse4.1, sse4.2, popcnt, lzcnt, tsc, tscinvbit, avx, avx2, aes, erms, clmul, bmi1, bmi2, adx, sha, fma, vzeroupper, clflush, clflushopt, clwb, serialize, rdtscp, rdpid, fsrm, f16c, pku, cet_ibt, cet_ss
Processor Information for processor 0
  Max Mhz: 2112, Current Mhz: 2112, Mhz Limit: 1605
Processor Information for processor 1
  Max Mhz: 2112, Current Mhz: 2112, Mhz Limit: 2112
Processor Information for processor 2
  Max Mhz: 2112, Current Mhz: 2112, Mhz Limit: 2112
Processor Information for processor 3
  Max Mhz: 2112, Current Mhz: 2112, Mhz Limit: 2112
Processor Information for processor 4
  Max Mhz: 2112, Current Mhz: 2112, Mhz Limit: 2112
Processor Information for processor 5
  Max Mhz: 2112, Current Mhz: 2112, Mhz Limit: 2112
Processor Information for processor 6
  Max Mhz: 2112, Current Mhz: 2112, Mhz Limit: 2112
Processor Information for processor 7
  Max Mhz: 2112, Current Mhz: 2112, Mhz Limit: 2112
Processor Information for processor 8
  Max Mhz: 2112, Current Mhz: 2112, Mhz Limit: 2112
Processor Information for processor 9
  Max Mhz: 2112, Current Mhz: 2112, Mhz Limit: 2112
Processor Information for processor 10
  Max Mhz: 2112, Current Mhz: 2112, Mhz Limit: 2112
Processor Information for processor 11
  Max Mhz: 2112, Current Mhz: 2112, Mhz Limit: 2112
Processor Information for processor 12
  Max Mhz: 2112, Current Mhz: 2112, Mhz Limit: 2112
Processor Information for processor 13
  Max Mhz: 2112, Current Mhz: 2112, Mhz Limit: 2112
Processor Information for processor 14
  Max Mhz: 2112, Current Mhz: 2112, Mhz Limit: 2112
Processor Information for processor 15
  Max Mhz: 2112, Current Mhz: 2112, Mhz Limit: 2112
Processor Information for processor 16
  Max Mhz: 2112, Current Mhz: 1609, Mhz Limit: 1605
Processor Information for processor 17
  Max Mhz: 2112, Current Mhz: 1609, Mhz Limit: 1605
Processor Information for processor 18
  Max Mhz: 2112, Current Mhz: 1609, Mhz Limit: 1605
Processor Information for processor 19
  Max Mhz: 2112, Current Mhz: 1609, Mhz Limit: 1605

Memory: 4k page, system-wide physical 16058M (1061M free)
TotalPageFile size 46502M (AvailPageFile size 9M)
current process WorkingSet (physical memory assigned to process): 438M, peak: 441M
current process commit charge ("private bytes"): 479M, peak: 484M

vm_info: OpenJDK 64-Bit Server VM (21.0.9+-14649483-b1163.86) for windows-amd64 JRE (21.0.9+-14649483-b1163.86), built on 2025-12-30T22:08:35Z by "builder" with MS VC++ 16.10 / 16.11 (VS2019)

END.
