#
# There is insufficient memory for the Java Runtime Environment to continue.
# Native memory allocation (mmap) failed to map 264241152 bytes for G1 virtual space
# Possible reasons:
#   The system is out of physical RAM or swap space
#   The process is running with CompressedOops enabled, and the Java Heap may be blocking the growth of the native heap
# Possible solutions:
#   Reduce memory load on the system
#   Increase physical memory or swap space
#   Check if swap backing store is full
#   Decrease Java heap size (-Xmx/-Xms)
#   Decrease number of Java threads
#   Decrease Java thread stack sizes (-Xss)
#   Set larger code cache with -XX:ReservedCodeCacheSize=
#   JVM is running with Zero Based Compressed Oops mode in which the Java heap is
#     placed in the first 32GB address space. The Java Heap base address is the
#     maximum limit for the native heap growth. Please use -XX:HeapBaseMinAddress
#     to set the Java Heap base and to place the Java Heap above 32GB virtual address.
# This output file may be truncated or incomplete.
#
#  Out of Memory Error (os_windows.cpp:3603), pid=34776, tid=29704
#
# JRE version:  (21.0.9+7) (build )
# Java VM: Java HotSpot(TM) 64-Bit Server VM (21.0.9+7-LTS-338, mixed mode, sharing, tiered, compressed oops, compressed class ptrs, g1 gc, windows-amd64)
# No core dump will be written. Minidumps are not enabled by default on client versions of Windows
#

---------------  S U M M A R Y ------------

Command Line: 

Host: 12th Gen Intel(R) Core(TM) i7-12700, 20 cores, 15G,  Windows 10 , 64 bit Build 18362 (10.0.18362.329)
Time: Sat Feb 14 15:47:17 2026 India Standard Time elapsed time: 0.004168 seconds (0d 0h 0m 0s)

---------------  T H R E A D  ---------------

Current thread (0x0000020e47cb9da0):  JavaThread "Unknown thread" [_thread_in_vm, id=29704, stack(0x000000da9ae00000,0x000000da9af00000) (1024K)]

Stack: [0x000000da9ae00000,0x000000da9af00000]
Native frames: (J=compiled Java code, j=interpreted, Vv=VM code, C=native code)
V  [jvm.dll+0x6cbf89]
V  [jvm.dll+0x858421]
V  [jvm.dll+0x85a94e]
V  [jvm.dll+0x85b023]
V  [jvm.dll+0x27ebc6]
V  [jvm.dll+0x6c8705]
V  [jvm.dll+0x6bd26a]
V  [jvm.dll+0x354a0a]
V  [jvm.dll+0x35c686]
V  [jvm.dll+0x3af79e]
V  [jvm.dll+0x3afa48]
V  [jvm.dll+0x328d1c]
V  [jvm.dll+0x32987b]
V  [jvm.dll+0x821739]
V  [jvm.dll+0x3bc481]
V  [jvm.dll+0x80a9b8]
V  [jvm.dll+0x45166e]
V  [jvm.dll+0x453261]
C  [jli.dll+0x52a3]
C  [ucrtbase.dll+0x20e72]
C  [KERNEL32.DLL+0x17bd4]
C  [ntdll.dll+0x6ced1]


---------------  P R O C E S S  ---------------

Threads class SMR info:
_java_thread_list=0x00007ffadaa7fc08, length=0, elements={
}

Java Threads: ( => current thread )
Total: 0

Other Threads:
  0x0000020e4a0d9e80 WorkerThread "GC Thread#0"                     [id=21584, stack(0x000000da9af00000,0x000000da9b000000) (1024K)]
  0x0000020e4a0eb880 ConcurrentGCThread "G1 Main Marker"            [id=33092, stack(0x000000da9b000000,0x000000da9b100000) (1024K)]
  0x0000020e4a0ec290 WorkerThread "G1 Conc#0"                       [id=35684, stack(0x000000da9b100000,0x000000da9b200000) (1024K)]

[error occurred during error reporting (printing all threads), id 0xc0000005, EXCEPTION_ACCESS_VIOLATION (0xc0000005) at pc=0x00007ffada1eb4a7]
VM state: not at safepoint (not fully initialized)

VM Mutex/Monitor currently owned by a thread:  ([mutex/lock_event])
[0x00007ffadaaf0ef0] Heap_lock - owner thread: 0x0000020e47cb9da0

Heap address: 0x0000000705000000, size: 4016 MB, Compressed Oops mode: Zero based, Oop shift amount: 3

CDS archive(s) mapped at: [0x0000000000000000-0x0000000000000000-0x0000000000000000), size 0, SharedBaseAddress: 0x0000000800000000, ArchiveRelocationMode: 1.
Narrow klass base: 0x0000000000000000, Narrow klass shift: 0, Narrow klass range: 0x0

GC Precious Log:
 CardTable entry size: 512
 Card Set container configuration: InlinePtr #cards 4 size 8 Array Of Cards #cards 16 size 48 Howl #buckets 8 coarsen threshold 3686 Howl Bitmap #cards 512 size 80 coarsen threshold 460 Card regions per heap region 1 cards per card region 4096

Heap:
 garbage-first heap   total 0K, used 0K [0x0000000705000000, 0x0000000800000000)
  region size 2048K, 0 young (0K), 0 survivors (0K)

[error occurred during error reporting (printing heap information), id 0xc0000005, EXCEPTION_ACCESS_VIOLATION (0xc0000005) at pc=0x00007ffada5d4ff9]
GC Heap History (0 events):
No events

Dll operation events (1 events):
Event: 0.002 Loaded shared library C:\Program Files\Java\jdk-21\bin\java.dll

Deoptimization events (0 events):
No events

Classes loaded (0 events):
No events

Classes unloaded (0 events):
No events

Classes redefined (0 events):
No events

Internal exceptions (0 events):
No events

ZGC Phase Switch (0 events):
No events

VM Operations (0 events):
No events

Events (0 events):
No events


Dynamic libraries:
0x00007ff728f60000 - 0x00007ff728f70000 	C:\Program Files\Java\jdk-21\bin\java.exe
0x00007ffb4ae80000 - 0x00007ffb4b070000 	C:\Windows\SYSTEM32\ntdll.dll
0x00007ffb49d50000 - 0x00007ffb49e02000 	C:\Windows\System32\KERNEL32.DLL
0x00007ffb48110000 - 0x00007ffb483b3000 	C:\Windows\System32\KERNELBASE.dll
0x00007ffb47fb0000 - 0x00007ffb480aa000 	C:\Windows\System32\ucrtbase.dll
0x00007ffb2eca0000 - 0x00007ffb2ecb9000 	C:\Program Files\Java\jdk-21\bin\jli.dll
0x00007ffb4a3a0000 - 0x00007ffb4a443000 	C:\Windows\System32\ADVAPI32.dll
0x00007ffb2ec80000 - 0x00007ffb2ec9b000 	C:\Program Files\Java\jdk-21\bin\VCRUNTIME140.dll
0x00007ffb4a300000 - 0x00007ffb4a39e000 	C:\Windows\System32\msvcrt.dll
0x00007ffb4ad40000 - 0x00007ffb4add7000 	C:\Windows\System32\sechost.dll
0x00007ffb49860000 - 0x00007ffb49980000 	C:\Windows\System32\RPCRT4.dll
0x00007ffb49bb0000 - 0x00007ffb49d44000 	C:\Windows\System32\USER32.dll
0x00007ffb48db0000 - 0x00007ffb48dd1000 	C:\Windows\System32\win32u.dll
0x00007ffb49f40000 - 0x00007ffb49f66000 	C:\Windows\System32\GDI32.dll
0x00007ffb48c10000 - 0x00007ffb48da4000 	C:\Windows\System32\gdi32full.dll
0x00007ffb30bb0000 - 0x00007ffb30e35000 	C:\Windows\WinSxS\amd64_microsoft.windows.common-controls_6595b64144ccf1df_6.0.18362.418_none_e6c6b287130d565d\COMCTL32.dll
0x00007ffb48de0000 - 0x00007ffb48e7e000 	C:\Windows\System32\msvcp_win.dll
0x00007ffb4aa00000 - 0x00007ffb4ad36000 	C:\Windows\System32\combase.dll
0x00007ffb483c0000 - 0x00007ffb48440000 	C:\Windows\System32\bcryptPrimitives.dll
0x00007ffb43620000 - 0x00007ffb4362a000 	C:\Windows\SYSTEM32\VERSION.dll
0x00007ffb49e20000 - 0x00007ffb49e4e000 	C:\Windows\System32\IMM32.DLL
0x00007ffb2ee50000 - 0x00007ffb2ee5c000 	C:\Program Files\Java\jdk-21\bin\vcruntime140_1.dll
0x00007ffb2ebf0000 - 0x00007ffb2ec7e000 	C:\Program Files\Java\jdk-21\bin\msvcp140.dll
0x00007ffad9eb0000 - 0x00007ffadabcd000 	C:\Program Files\Java\jdk-21\bin\server\jvm.dll
0x00007ffb47d60000 - 0x00007ffb47daa000 	C:\Windows\System32\POWRPROF.dll
0x00007ffb47d50000 - 0x00007ffb47d60000 	C:\Windows\System32\UMPDC.dll
0x00007ffb49e50000 - 0x00007ffb49ebf000 	C:\Windows\System32\WS2_32.dll
0x00007ffb45ed0000 - 0x00007ffb45ef4000 	C:\Windows\SYSTEM32\WINMM.dll
0x00007ffb45e20000 - 0x00007ffb45e4d000 	C:\Windows\SYSTEM32\winmmbase.dll
0x00007ffb47e10000 - 0x00007ffb47e5a000 	C:\Windows\System32\cfgmgr32.dll
0x00007ffb47df0000 - 0x00007ffb47e01000 	C:\Windows\System32\kernel.appcore.dll
0x00007ffb2ebe0000 - 0x00007ffb2ebea000 	C:\Program Files\Java\jdk-21\bin\jimage.dll
0x00007ffb32a60000 - 0x00007ffb32c54000 	C:\Windows\SYSTEM32\DBGHELP.DLL
0x00007ffb323d0000 - 0x00007ffb323fa000 	C:\Windows\SYSTEM32\dbgcore.DLL
0x00007ffb2ebc0000 - 0x00007ffb2ebdf000 	C:\Program Files\Java\jdk-21\bin\java.dll

dbghelp: loaded successfully - version: 4.0.5 - missing functions: none
symbol engine: initialized successfully - sym options: 0x614 - pdb path: .;C:\Program Files\Java\jdk-21\bin;C:\Windows\SYSTEM32;C:\Windows\WinSxS\amd64_microsoft.windows.common-controls_6595b64144ccf1df_6.0.18362.418_none_e6c6b287130d565d;C:\Program Files\Java\jdk-21\bin\server

VM Arguments:
java_command: <unknown>
java_class_path (initial): <not set>
Launcher Type: SUN_STANDARD

[Global flags]
     intx CICompilerCount                          = 12                                        {product} {ergonomic}
     uint ConcGCThreads                            = 4                                         {product} {ergonomic}
     uint G1ConcRefinementThreads                  = 15                                        {product} {ergonomic}
   size_t G1HeapRegionSize                         = 2097152                                   {product} {ergonomic}
    uintx GCDrainStackTargetSize                   = 64                                        {product} {ergonomic}
   size_t InitialHeapSize                          = 264241152                                 {product} {ergonomic}
   size_t MarkStackSize                            = 4194304                                   {product} {ergonomic}
   size_t MaxHeapSize                              = 4211081216                                {product} {ergonomic}
   size_t MinHeapDeltaBytes                        = 2097152                                   {product} {ergonomic}
   size_t MinHeapSize                              = 8388608                                   {product} {ergonomic}
    uintx NonNMethodCodeHeapSize                   = 7602480                                {pd product} {ergonomic}
    uintx NonProfiledCodeHeapSize                  = 122027880                              {pd product} {ergonomic}
    uintx ProfiledCodeHeapSize                     = 122027880                              {pd product} {ergonomic}
    uintx ReservedCodeCacheSize                    = 251658240                              {pd product} {ergonomic}
     bool SegmentedCodeCache                       = true                                      {product} {ergonomic}
   size_t SoftMaxHeapSize                          = 4211081216                             {manageable} {ergonomic}
     bool UseCompressedOops                        = true                           {product lp64_product} {ergonomic}
     bool UseG1GC                                  = true                                      {product} {ergonomic}
     bool UseLargePagesIndividualAllocation        = false                                  {pd product} {ergonomic}

Logging:
Log output configuration:
 #0: stdout all=warning uptime,level,tags foldmultilines=false
 #1: stderr all=off uptime,level,tags foldmultilines=false

Environment Variables:
PATH=C:\Python314\Scripts\;C:\Python314\;C:\Program Files\Common Files\Oracle\Java\javapath;C:\Windows\system32;C:\Windows;C:\Windows\System32\Wbem;C:\Windows\System32\WindowsPowerShell\v1.0\;C:\Windows\System32\OpenSSH\;C:\Program Files\Java\jdk-21\bin;C:\Program Files\Git\cmd;C:\Program Files\nodejs\;C:\ProgramData\chocolatey\bin;C:\tools\dart-sdk\bin;C:\tools\flutter\bin;C:\Program Files\MySQL\MySQL Server 8.0\bin;C:\Users\SEPLe\AppData\Local\Microsoft\WindowsApps;C:\Program Files\JetBrains\IntelliJ IDEA 2025.3.2\bin;C:\Users\SEPLe\AppData\Roaming\npm;C:\Users\SEPLe\AppData\Local\Pub\Cache\bin;C:\Users\SEPLe\AppData\Local\Programs\Antigravity\bin;c:\Users\SEPLe\.antigravity\extensions\vscjava.vscode-java-debug-0.58.5-universal\bundled\scripts\noConfigScripts
USERNAME=SEPLe
LANG=en_US.UTF-8
OS=Windows_NT
PROCESSOR_IDENTIFIER=Intel64 Family 6 Model 151 Stepping 2, GenuineIntel
TMP=C:\Users\SEPLe\AppData\Local\Temp
TEMP=C:\Users\SEPLe\AppData\Local\Temp




Periodic native trim disabled

---------------  S Y S T E M  ---------------

OS:
 Windows 10 , 64 bit Build 18362 (10.0.18362.329)
OS uptime: 0 days 4:05 hours

CPU: total 20 (initial active 20) (10 cores per cpu, 2 threads per core) family 6 model 151 stepping 2 microcode 0x36, cx8, cmov, fxsr, ht, mmx, 3dnowpref, sse, sse2, sse3, ssse3, sse4.1, sse4.2, popcnt, lzcnt, tsc, tscinvbit, avx, avx2, aes, erms, clmul, bmi1, bmi2, adx, sha, fma, vzeroupper, clflush, clflushopt, clwb, serialize, rdtscp, rdpid, fsrm, f16c, pku, cet_ibt, cet_ss
Processor Information for processor 0
  Max Mhz: 2112, Current Mhz: 2112, Mhz Limit: 2112
Processor Information for processor 1
  Max Mhz: 2112, Current Mhz: 2112, Mhz Limit: 2112
Processor Information for processor 2
  Max Mhz: 2112, Current Mhz: 2112, Mhz Limit: 2112
Processor Information for processor 3
  Max Mhz: 2112, Current Mhz: 2112, Mhz Limit: 2112
Processor Information for processor 4
  Max Mhz: 2112, Current Mhz: 2112, Mhz Limit: 2112
Processor Information for processor 5
  Max Mhz: 2112, Current Mhz: 2112, Mhz Limit: 2112
Processor Information for processor 6
  Max Mhz: 2112, Current Mhz: 2112, Mhz Limit: 2112
Processor Information for processor 7
  Max Mhz: 2112, Current Mhz: 2112, Mhz Limit: 2112
Processor Information for processor 8
  Max Mhz: 2112, Current Mhz: 2112, Mhz Limit: 2112
Processor Information for processor 9
  Max Mhz: 2112, Current Mhz: 2112, Mhz Limit: 2112
Processor Information for processor 10
  Max Mhz: 2112, Current Mhz: 2112, Mhz Limit: 2112
Processor Information for processor 11
  Max Mhz: 2112, Current Mhz: 2112, Mhz Limit: 2112
Processor Information for processor 12
  Max Mhz: 2112, Current Mhz: 2112, Mhz Limit: 2112
Processor Information for processor 13
  Max Mhz: 2112, Current Mhz: 2112, Mhz Limit: 2112
Processor Information for processor 14
  Max Mhz: 2112, Current Mhz: 2112, Mhz Limit: 2112
Processor Information for processor 15
  Max Mhz: 2112, Current Mhz: 2112, Mhz Limit: 2112
Processor Information for processor 16
  Max Mhz: 2112, Current Mhz: 1609, Mhz Limit: 1605
Processor Information for processor 17
  Max Mhz: 2112, Current Mhz: 1609, Mhz Limit: 1605
Processor Information for processor 18
  Max Mhz: 2112, Current Mhz: 1609, Mhz Limit: 1605
Processor Information for processor 19
  Max Mhz: 2112, Current Mhz: 1609, Mhz Limit: 1605

Memory: 4k page, system-wide physical 16058M (1499M free)
TotalPageFile size 46502M (AvailPageFile size 50M)
current process WorkingSet (physical memory assigned to process): 10M, peak: 10M
current process commit charge ("private bytes"): 75M, peak: 327M

vm_info: Java HotSpot(TM) 64-Bit Server VM (21.0.9+7-LTS-338) for windows-amd64 JRE (21.0.9+7-LTS-338), built on 2025-09-26T06:33:49Z by "mach5run" with MS VC++ 17.6 (VS2022)

END.
